20:44:44:073  INFO 1984 --- [search-service] [main] com.u.search.SearchServiceApplication    : Starting SearchServiceApplication using Java 17.0.17 with PID 1984 (E:\T\u-trade\search-service\target\classes started by zhao in E:\T\u-trade)
20:44:44:076  INFO 1984 --- [search-service] [main] com.u.search.SearchServiceApplication    : No active profile set, falling back to 1 default profile: "default"
20:44:44:105  INFO 1984 --- [search-service] [main] c.a.c.n.c.NacosConfigDataLoader          : [Nacos Config] Load config[dataId=shared-application.yml, group=DEFAULT_GROUP] success
20:44:44:574  INFO 1984 --- [search-service] [main] .s.d.r.c.RepositoryConfigurationDelegate : Bootstrapping Spring Data Elasticsearch repositories in DEFAULT mode.
20:44:44:594  INFO 1984 --- [search-service] [main] .s.d.r.c.RepositoryConfigurationDelegate : Finished Spring Data repository scanning in 10 ms. Found 0 Elasticsearch repository interfaces.
20:44:44:706  INFO 1984 --- [search-service] [main] o.s.cloud.context.scope.GenericScope     : BeanFactory id=6c037f1e-37c0-3c74-93b7-4e6f7dd167b2
20:44:44:901  INFO 1984 --- [search-service] [main] o.s.b.w.embedded.tomcat.TomcatWebServer  : Tomcat initialized with port 8083 (http)
20:44:44:911  INFO 1984 --- [search-service] [main] o.apache.catalina.core.StandardService   : Starting service [Tomcat]
20:44:44:911  INFO 1984 --- [search-service] [main] o.apache.catalina.core.StandardEngine    : Starting Servlet engine: [Apache Tomcat/10.1.30]
20:44:44:964  INFO 1984 --- [search-service] [main] o.a.c.c.C.[Tomcat].[localhost].[/]       : Initializing Spring embedded WebApplicationContext
20:44:44:964  INFO 1984 --- [search-service] [main] w.s.c.ServletWebServerApplicationContext : Root WebApplicationContext: initialization completed in 857 ms
20:44:45:314  INFO 1984 --- [search-service] [main] c.u.search.config.WebMvcConfiguration    : 开始注册自定义拦截器...
20:44:45:917  INFO 1984 --- [search-service] [main] o.s.b.w.embedded.tomcat.TomcatWebServer  : Tomcat started on port 8083 (http) with context path '/'
20:44:45:921  INFO 1984 --- [search-service] [main] com.alibaba.nacos.client.naming          : initializer namespace from ans.namespace attribute : null
20:44:45:922  INFO 1984 --- [search-service] [main] com.alibaba.nacos.client.naming          : initializer namespace from ALIBABA_ALIWARE_NAMESPACE attribute :null
20:44:45:923  INFO 1984 --- [search-service] [main] com.alibaba.nacos.client.naming          : initializer namespace from namespace attribute :null
20:44:45:927  INFO 1984 --- [search-service] [main] com.alibaba.nacos.client.naming          : FailoverDataSource type is class com.alibaba.nacos.client.naming.backups.datasource.DiskFailoverDataSource
20:44:45:930  INFO 1984 --- [search-service] [main] c.a.n.p.a.s.c.ClientAuthPluginManager    : [ClientAuthPluginManager] Load ClientAuthService com.alibaba.nacos.client.auth.impl.NacosClientAuthServiceImpl success.
20:44:45:930  INFO 1984 --- [search-service] [main] c.a.n.p.a.s.c.ClientAuthPluginManager    : [ClientAuthPluginManager] Load ClientAuthService com.alibaba.nacos.client.auth.ram.RamClientAuthServiceImpl success.
20:44:45:933  INFO 1984 --- [search-service] [main] com.alibaba.nacos.common.remote.client   : [RpcClientFactory] create a new rpc client of f5d8a436-a460-4d08-9963-83c25a7732d5
20:44:45:934  INFO 1984 --- [search-service] [main] com.alibaba.nacos.client.naming          : Create naming rpc client for uuid->f5d8a436-a460-4d08-9963-83c25a7732d5
20:44:45:934  INFO 1984 --- [search-service] [main] com.alibaba.nacos.common.remote.client   : [f5d8a436-a460-4d08-9963-83c25a7732d5] RpcClient init, ServerListFactory = com.alibaba.nacos.client.naming.core.ServerListManager
20:44:45:934  INFO 1984 --- [search-service] [main] com.alibaba.nacos.common.remote.client   : [f5d8a436-a460-4d08-9963-83c25a7732d5] Registry connection listener to current client:com.alibaba.nacos.client.naming.remote.gprc.redo.NamingGrpcRedoService
20:44:45:935  INFO 1984 --- [search-service] [main] com.alibaba.nacos.common.remote.client   : [f5d8a436-a460-4d08-9963-83c25a7732d5] Register server push request handler:com.alibaba.nacos.client.naming.remote.gprc.NamingPushRequestHandler
20:44:45:935  INFO 1984 --- [search-service] [main] com.alibaba.nacos.common.remote.client   : [f5d8a436-a460-4d08-9963-83c25a7732d5] Try to connect to server on start up, server: {serverIp = '192.168.150.101', server main port = 8848}
20:44:45:935  INFO 1984 --- [search-service] [main] c.a.n.c.remote.client.grpc.GrpcClient    : grpc client connection server:192.168.150.101 ip,serverPort:9848,grpcTslConfig:{"sslProvider":"","enableTls":false,"mutualAuthEnable":false,"trustAll":false}
20:44:46:049  INFO 1984 --- [search-service] [main] com.alibaba.nacos.common.remote.client   : [f5d8a436-a460-4d08-9963-83c25a7732d5] Success to connect to server [192.168.150.101:8848] on start up, connectionId = 1782823485162_192.168.150.1_53221
20:44:46:049  INFO 1984 --- [search-service] [main] com.alibaba.nacos.common.remote.client   : [f5d8a436-a460-4d08-9963-83c25a7732d5] Register server push request handler:com.alibaba.nacos.common.remote.client.RpcClient$ConnectResetRequestHandler
20:44:46:049  INFO 1984 --- [search-service] [com.alibaba.nacos.client.remote.worker.0] com.alibaba.nacos.common.remote.client   : [f5d8a436-a460-4d08-9963-83c25a7732d5] Notify connected event to listeners.
20:44:46:049  INFO 1984 --- [search-service] [main] com.alibaba.nacos.common.remote.client   : [f5d8a436-a460-4d08-9963-83c25a7732d5] Register server push request handler:com.alibaba.nacos.common.remote.client.RpcClient$$Lambda$355/0x000002253e3b9470
20:44:46:049  INFO 1984 --- [search-service] [com.alibaba.nacos.client.remote.worker.0] com.alibaba.nacos.client.naming          : Grpc connection connect
20:44:46:050  INFO 1984 --- [search-service] [main] com.alibaba.nacos.client.naming          : [REGISTER-SERVICE] public registering service search-service with instance Instance{instanceId='null', ip='192.168.150.1', port=8083, weight=1.0, healthy=true, enabled=true, ephemeral=true, clusterName='DEFAULT', serviceName='null', metadata={IPv6=null, preserved.register.source=SPRING_CLOUD}}
20:44:46:060  INFO 1984 --- [search-service] [main] c.a.c.n.registry.NacosServiceRegistry    : nacos registry, DEFAULT_GROUP search-service 192.168.150.1:8083 register finished
20:44:46:141  INFO 1984 --- [search-service] [main] com.u.search.SearchServiceApplication    : Started SearchServiceApplication in 3.528 seconds (process running for 4.003)
20:44:46:145  INFO 1984 --- [search-service] [main] c.a.nacos.client.config.impl.CacheData   : config listener notify warn timeout millis use default 60000 millis 
20:44:46:145  INFO 1984 --- [search-service] [main] c.a.nacos.client.config.impl.CacheData   : nacos.cache.data.init.snapshot = true 
20:44:46:147  INFO 1984 --- [search-service] [main] c.a.n.client.config.impl.ClientWorker    : [fixed-192.168.150.101_8848] [subscribe] shared-application.yml+DEFAULT_GROUP
20:44:46:153  INFO 1984 --- [search-service] [main] c.a.nacos.client.config.impl.CacheData   : [fixed-192.168.150.101_8848] [add-listener] ok, tenant=, dataId=shared-application.yml, group=DEFAULT_GROUP, cnt=1
20:44:46:153  INFO 1984 --- [search-service] [main] c.a.c.n.refresh.NacosContextRefresher    : [Nacos Config] Listening config: dataId=shared-application.yml, group=DEFAULT_GROUP
20:45:01:264  WARN 1984 --- [search-service] [Thread-1] c.a.n.common.http.HttpClientBeanHolder   : [HttpClientBeanHolder] Start destroying common HttpClient
20:45:01:264  WARN 1984 --- [search-service] [Thread-3] c.a.nacos.common.notify.NotifyCenter     : [NotifyCenter] Start destroying Publisher
20:45:01:264  WARN 1984 --- [search-service] [Thread-3] c.a.nacos.common.notify.NotifyCenter     : [NotifyCenter] Destruction of the end
20:45:01:265  WARN 1984 --- [search-service] [Thread-1] c.a.n.common.http.HttpClientBeanHolder   : [HttpClientBeanHolder] Destruction of the end
20:45:01:421  INFO 1984 --- [search-service] [SpringApplicationShutdownHook] c.a.c.n.registry.NacosServiceRegistry    : De-registering from Nacos Server now...
20:45:01:422  INFO 1984 --- [search-service] [SpringApplicationShutdownHook] com.alibaba.nacos.client.naming          : [DEREGISTER-SERVICE] public deregistering service search-service with instance: Instance{instanceId='null', ip='192.168.150.1', port=8083, weight=1.0, healthy=true, enabled=true, ephemeral=true, clusterName='DEFAULT', serviceName='null', metadata={}}
20:45:01:427  INFO 1984 --- [search-service] [SpringApplicationShutdownHook] c.a.c.n.registry.NacosServiceRegistry    : De-registration finished.
20:45:01:427  INFO 1984 --- [search-service] [SpringApplicationShutdownHook] com.alibaba.nacos.client.naming          : com.alibaba.nacos.client.naming.cache.ServiceInfoHolder do shutdown begin
20:45:01:428  INFO 1984 --- [search-service] [SpringApplicationShutdownHook] com.alibaba.nacos.client.naming          : com.alibaba.nacos.client.naming.backups.FailoverReactor do shutdown begin
20:45:01:428  INFO 1984 --- [search-service] [SpringApplicationShutdownHook] com.alibaba.nacos.client.naming          : com.alibaba.nacos.client.naming.backups.FailoverReactor do shutdown stop
20:45:01:428  INFO 1984 --- [search-service] [SpringApplicationShutdownHook] com.alibaba.nacos.client.naming          : com.alibaba.nacos.client.naming.cache.ServiceInfoHolder do shutdown stop
20:45:01:428  INFO 1984 --- [search-service] [SpringApplicationShutdownHook] com.alibaba.nacos.client.naming          : com.alibaba.nacos.client.naming.remote.NamingClientProxyDelegate do shutdown begin
20:45:01:428  INFO 1984 --- [search-service] [SpringApplicationShutdownHook] com.alibaba.nacos.client.naming          : com.alibaba.nacos.client.naming.core.ServiceInfoUpdateService do shutdown begin
20:45:01:428  INFO 1984 --- [search-service] [SpringApplicationShutdownHook] com.alibaba.nacos.client.naming          : com.alibaba.nacos.client.naming.core.ServiceInfoUpdateService do shutdown stop
20:45:01:428  INFO 1984 --- [search-service] [SpringApplicationShutdownHook] com.alibaba.nacos.client.naming          : com.alibaba.nacos.client.naming.core.ServerListManager do shutdown begin
20:45:01:428  WARN 1984 --- [search-service] [SpringApplicationShutdownHook] com.alibaba.nacos.client.naming          : [NamingHttpClientManager] Start destroying NacosRestTemplate
20:45:01:428  WARN 1984 --- [search-service] [SpringApplicationShutdownHook] com.alibaba.nacos.client.naming          : [NamingHttpClientManager] Destruction of the end
20:45:01:428  INFO 1984 --- [search-service] [SpringApplicationShutdownHook] com.alibaba.nacos.client.naming          : com.alibaba.nacos.client.naming.core.ServerListManager do shutdown stop
20:45:01:428  INFO 1984 --- [search-service] [SpringApplicationShutdownHook] com.alibaba.nacos.client.naming          : com.alibaba.nacos.client.naming.remote.http.NamingHttpClientProxy do shutdown begin
20:45:01:428  WARN 1984 --- [search-service] [SpringApplicationShutdownHook] com.alibaba.nacos.client.naming          : [NamingHttpClientManager] Start destroying NacosRestTemplate
20:45:01:428  WARN 1984 --- [search-service] [SpringApplicationShutdownHook] com.alibaba.nacos.client.naming          : [NamingHttpClientManager] Destruction of the end
20:45:01:428  INFO 1984 --- [search-service] [SpringApplicationShutdownHook] com.alibaba.nacos.client.naming          : com.alibaba.nacos.client.naming.remote.http.NamingHttpClientProxy do shutdown stop
20:45:01:428  INFO 1984 --- [search-service] [SpringApplicationShutdownHook] com.alibaba.nacos.client.naming          : Shutdown naming grpc client proxy for  uuid->f5d8a436-a460-4d08-9963-83c25a7732d5
20:45:01:428  INFO 1984 --- [search-service] [SpringApplicationShutdownHook] com.alibaba.nacos.client.naming          : Shutdown grpc redo service executor java.util.concurrent.ScheduledThreadPoolExecutor@7108fc8f[Running, pool size = 1, active threads = 0, queued tasks = 1, completed tasks = 5]
20:45:01:429  INFO 1984 --- [search-service] [SpringApplicationShutdownHook] com.alibaba.nacos.common.remote.client   : Shutdown rpc client, set status to shutdown
20:45:01:429  INFO 1984 --- [search-service] [SpringApplicationShutdownHook] com.alibaba.nacos.common.remote.client   : Shutdown client event executor java.util.concurrent.ScheduledThreadPoolExecutor@65806f27[Running, pool size = 2, active threads = 2, queued tasks = 0, completed tasks = 0]
20:45:01:429  INFO 1984 --- [search-service] [SpringApplicationShutdownHook] com.alibaba.nacos.common.remote.client   : Close current connection 1782823485162_192.168.150.1_53221
20:45:01:431  WARN 1984 --- [search-service] [nacos-grpc-client-executor-192.168.150.101-10] c.a.n.c.remote.client.grpc.GrpcClient    : [1782823485162_192.168.150.1_53221]Ignore error event,isRunning:false,isAbandon=false
20:45:01:432  INFO 1984 --- [search-service] [SpringApplicationShutdownHook] c.a.n.c.remote.client.grpc.GrpcClient    : Shutdown grpc executor java.util.concurrent.ThreadPoolExecutor@29bd900b[Running, pool size = 4, active threads = 0, queued tasks = 0, completed tasks = 12]
20:45:01:432  INFO 1984 --- [search-service] [SpringApplicationShutdownHook] com.alibaba.nacos.client.naming          : shutdown and remove naming rpc client  for uuid ->f5d8a436-a460-4d08-9963-83c25a7732d5
20:45:01:432  INFO 1984 --- [search-service] [SpringApplicationShutdownHook] c.a.n.c.a.r.identify.CredentialWatcher   : [null] CredentialWatcher is stopped
20:45:01:432  INFO 1984 --- [search-service] [SpringApplicationShutdownHook] c.a.n.c.a.r.identify.CredentialService   : [null] CredentialService is freed
20:45:01:432  INFO 1984 --- [search-service] [SpringApplicationShutdownHook] com.alibaba.nacos.client.naming          : com.alibaba.nacos.client.naming.remote.NamingClientProxyDelegate do shutdown stop
20:45:01:433  INFO 1984 --- [search-service] [com.alibaba.nacos.client.remote.worker.1] com.alibaba.nacos.common.remote.client   : [f5d8a436-a460-4d08-9963-83c25a7732d5] Server healthy check fail, currentConnection = 1782823485162_192.168.150.1_53221
20:45:05:162  INFO 12552 --- [search-service] [main] com.u.search.SearchServiceApplication    : Starting SearchServiceApplication using Java 17.0.17 with PID 12552 (E:\T\u-trade\search-service\target\classes started by zhao in E:\T\u-trade)
20:45:05:164  INFO 12552 --- [search-service] [main] com.u.search.SearchServiceApplication    : No active profile set, falling back to 1 default profile: "default"
20:45:05:197  INFO 12552 --- [search-service] [main] c.a.c.n.c.NacosConfigDataLoader          : [Nacos Config] Load config[dataId=shared-application.yml, group=DEFAULT_GROUP] success
20:45:05:693  INFO 12552 --- [search-service] [main] .s.d.r.c.RepositoryConfigurationDelegate : Bootstrapping Spring Data Elasticsearch repositories in DEFAULT mode.
20:45:05:707  INFO 12552 --- [search-service] [main] .s.d.r.c.RepositoryConfigurationDelegate : Finished Spring Data repository scanning in 11 ms. Found 0 Elasticsearch repository interfaces.
20:45:05:843  INFO 12552 --- [search-service] [main] o.s.cloud.context.scope.GenericScope     : BeanFactory id=6c037f1e-37c0-3c74-93b7-4e6f7dd167b2
20:45:06:075  INFO 12552 --- [search-service] [main] o.s.b.w.embedded.tomcat.TomcatWebServer  : Tomcat initialized with port 8083 (http)
20:45:06:087  INFO 12552 --- [search-service] [main] o.apache.catalina.core.StandardService   : Starting service [Tomcat]
20:45:06:087  INFO 12552 --- [search-service] [main] o.apache.catalina.core.StandardEngine    : Starting Servlet engine: [Apache Tomcat/10.1.30]
20:45:06:142  INFO 12552 --- [search-service] [main] o.a.c.c.C.[Tomcat].[localhost].[/]       : Initializing Spring embedded WebApplicationContext
20:45:06:142  INFO 12552 --- [search-service] [main] w.s.c.ServletWebServerApplicationContext : Root WebApplicationContext: initialization completed in 943 ms
20:45:06:479  INFO 12552 --- [search-service] [main] c.u.search.config.WebMvcConfiguration    : 开始注册自定义拦截器...
20:45:07:175  INFO 12552 --- [search-service] [main] o.s.b.w.embedded.tomcat.TomcatWebServer  : Tomcat started on port 8083 (http) with context path '/'
20:45:07:181  INFO 12552 --- [search-service] [main] com.alibaba.nacos.client.naming          : initializer namespace from ans.namespace attribute : null
20:45:07:181  INFO 12552 --- [search-service] [main] com.alibaba.nacos.client.naming          : initializer namespace from ALIBABA_ALIWARE_NAMESPACE attribute :null
20:45:07:182  INFO 12552 --- [search-service] [main] com.alibaba.nacos.client.naming          : initializer namespace from namespace attribute :null
20:45:07:187  INFO 12552 --- [search-service] [main] com.alibaba.nacos.client.naming          : FailoverDataSource type is class com.alibaba.nacos.client.naming.backups.datasource.DiskFailoverDataSource
20:45:07:190  INFO 12552 --- [search-service] [main] c.a.n.p.a.s.c.ClientAuthPluginManager    : [ClientAuthPluginManager] Load ClientAuthService com.alibaba.nacos.client.auth.impl.NacosClientAuthServiceImpl success.
20:45:07:190  INFO 12552 --- [search-service] [main] c.a.n.p.a.s.c.ClientAuthPluginManager    : [ClientAuthPluginManager] Load ClientAuthService com.alibaba.nacos.client.auth.ram.RamClientAuthServiceImpl success.
20:45:07:193  INFO 12552 --- [search-service] [main] com.alibaba.nacos.common.remote.client   : [RpcClientFactory] create a new rpc client of 8ab3365b-5a3b-47a6-b74f-c8c8380f96b4
20:45:07:194  INFO 12552 --- [search-service] [main] com.alibaba.nacos.client.naming          : Create naming rpc client for uuid->8ab3365b-5a3b-47a6-b74f-c8c8380f96b4
20:45:07:195  INFO 12552 --- [search-service] [main] com.alibaba.nacos.common.remote.client   : [8ab3365b-5a3b-47a6-b74f-c8c8380f96b4] RpcClient init, ServerListFactory = com.alibaba.nacos.client.naming.core.ServerListManager
20:45:07:195  INFO 12552 --- [search-service] [main] com.alibaba.nacos.common.remote.client   : [8ab3365b-5a3b-47a6-b74f-c8c8380f96b4] Registry connection listener to current client:com.alibaba.nacos.client.naming.remote.gprc.redo.NamingGrpcRedoService
20:45:07:195  INFO 12552 --- [search-service] [main] com.alibaba.nacos.common.remote.client   : [8ab3365b-5a3b-47a6-b74f-c8c8380f96b4] Register server push request handler:com.alibaba.nacos.client.naming.remote.gprc.NamingPushRequestHandler
20:45:07:195  INFO 12552 --- [search-service] [main] com.alibaba.nacos.common.remote.client   : [8ab3365b-5a3b-47a6-b74f-c8c8380f96b4] Try to connect to server on start up, server: {serverIp = '192.168.150.101', server main port = 8848}
20:45:07:195  INFO 12552 --- [search-service] [main] c.a.n.c.remote.client.grpc.GrpcClient    : grpc client connection server:192.168.150.101 ip,serverPort:9848,grpcTslConfig:{"sslProvider":"","enableTls":false,"mutualAuthEnable":false,"trustAll":false}
20:45:07:331  INFO 12552 --- [search-service] [main] com.alibaba.nacos.common.remote.client   : [8ab3365b-5a3b-47a6-b74f-c8c8380f96b4] Success to connect to server [192.168.150.101:8848] on start up, connectionId = 1782823506444_192.168.150.1_53240
20:45:07:331  INFO 12552 --- [search-service] [main] com.alibaba.nacos.common.remote.client   : [8ab3365b-5a3b-47a6-b74f-c8c8380f96b4] Register server push request handler:com.alibaba.nacos.common.remote.client.RpcClient$ConnectResetRequestHandler
20:45:07:331  INFO 12552 --- [search-service] [main] com.alibaba.nacos.common.remote.client   : [8ab3365b-5a3b-47a6-b74f-c8c8380f96b4] Register server push request handler:com.alibaba.nacos.common.remote.client.RpcClient$$Lambda$355/0x000001fe013b6ff8
20:45:07:331  INFO 12552 --- [search-service] [com.alibaba.nacos.client.remote.worker.0] com.alibaba.nacos.common.remote.client   : [8ab3365b-5a3b-47a6-b74f-c8c8380f96b4] Notify connected event to listeners.
20:45:07:331  INFO 12552 --- [search-service] [com.alibaba.nacos.client.remote.worker.0] com.alibaba.nacos.client.naming          : Grpc connection connect
20:45:07:332  INFO 12552 --- [search-service] [main] com.alibaba.nacos.client.naming          : [REGISTER-SERVICE] public registering service search-service with instance Instance{instanceId='null', ip='192.168.150.1', port=8083, weight=1.0, healthy=true, enabled=true, ephemeral=true, clusterName='DEFAULT', serviceName='null', metadata={IPv6=null, preserved.register.source=SPRING_CLOUD}}
20:45:07:348  INFO 12552 --- [search-service] [main] c.a.c.n.registry.NacosServiceRegistry    : nacos registry, DEFAULT_GROUP search-service 192.168.150.1:8083 register finished
20:45:07:445  INFO 12552 --- [search-service] [main] com.u.search.SearchServiceApplication    : Started SearchServiceApplication in 4.02 seconds (process running for 4.679)
20:45:07:451  INFO 12552 --- [search-service] [main] c.a.nacos.client.config.impl.CacheData   : config listener notify warn timeout millis use default 60000 millis 
20:45:07:451  INFO 12552 --- [search-service] [main] c.a.nacos.client.config.impl.CacheData   : nacos.cache.data.init.snapshot = true 
20:45:07:452  INFO 12552 --- [search-service] [main] c.a.n.client.config.impl.ClientWorker    : [fixed-192.168.150.101_8848] [subscribe] shared-application.yml+DEFAULT_GROUP
20:45:07:460  INFO 12552 --- [search-service] [main] c.a.nacos.client.config.impl.CacheData   : [fixed-192.168.150.101_8848] [add-listener] ok, tenant=, dataId=shared-application.yml, group=DEFAULT_GROUP, cnt=1
20:45:07:460  INFO 12552 --- [search-service] [main] c.a.c.n.refresh.NacosContextRefresher    : [Nacos Config] Listening config: dataId=shared-application.yml, group=DEFAULT_GROUP
20:49:51:635  WARN 12552 --- [search-service] [Thread-1] c.a.n.common.http.HttpClientBeanHolder   : [HttpClientBeanHolder] Start destroying common HttpClient
20:49:51:635  WARN 12552 --- [search-service] [Thread-3] c.a.nacos.common.notify.NotifyCenter     : [NotifyCenter] Start destroying Publisher
20:49:51:636  WARN 12552 --- [search-service] [Thread-3] c.a.nacos.common.notify.NotifyCenter     : [NotifyCenter] Destruction of the end
20:49:51:637  WARN 12552 --- [search-service] [Thread-1] c.a.n.common.http.HttpClientBeanHolder   : [HttpClientBeanHolder] Destruction of the end
20:49:51:896  INFO 12552 --- [search-service] [SpringApplicationShutdownHook] c.a.c.n.registry.NacosServiceRegistry    : De-registering from Nacos Server now...
20:49:51:897  INFO 12552 --- [search-service] [SpringApplicationShutdownHook] com.alibaba.nacos.client.naming          : [DEREGISTER-SERVICE] public deregistering service search-service with instance: Instance{instanceId='null', ip='192.168.150.1', port=8083, weight=1.0, healthy=true, enabled=true, ephemeral=true, clusterName='DEFAULT', serviceName='null', metadata={}}
20:49:51:902  INFO 12552 --- [search-service] [SpringApplicationShutdownHook] c.a.c.n.registry.NacosServiceRegistry    : De-registration finished.
20:49:51:902  INFO 12552 --- [search-service] [SpringApplicationShutdownHook] com.alibaba.nacos.client.naming          : com.alibaba.nacos.client.naming.cache.ServiceInfoHolder do shutdown begin
20:49:51:902  INFO 12552 --- [search-service] [SpringApplicationShutdownHook] com.alibaba.nacos.client.naming          : com.alibaba.nacos.client.naming.backups.FailoverReactor do shutdown begin
20:49:51:903  INFO 12552 --- [search-service] [SpringApplicationShutdownHook] com.alibaba.nacos.client.naming          : com.alibaba.nacos.client.naming.backups.FailoverReactor do shutdown stop
20:49:51:903  INFO 12552 --- [search-service] [SpringApplicationShutdownHook] com.alibaba.nacos.client.naming          : com.alibaba.nacos.client.naming.cache.ServiceInfoHolder do shutdown stop
20:49:51:903  INFO 12552 --- [search-service] [SpringApplicationShutdownHook] com.alibaba.nacos.client.naming          : com.alibaba.nacos.client.naming.remote.NamingClientProxyDelegate do shutdown begin
20:49:51:903  INFO 12552 --- [search-service] [SpringApplicationShutdownHook] com.alibaba.nacos.client.naming          : com.alibaba.nacos.client.naming.core.ServiceInfoUpdateService do shutdown begin
20:49:51:903  INFO 12552 --- [search-service] [SpringApplicationShutdownHook] com.alibaba.nacos.client.naming          : com.alibaba.nacos.client.naming.core.ServiceInfoUpdateService do shutdown stop
20:49:51:903  INFO 12552 --- [search-service] [SpringApplicationShutdownHook] com.alibaba.nacos.client.naming          : com.alibaba.nacos.client.naming.core.ServerListManager do shutdown begin
20:49:51:903  WARN 12552 --- [search-service] [SpringApplicationShutdownHook] com.alibaba.nacos.client.naming          : [NamingHttpClientManager] Start destroying NacosRestTemplate
20:49:51:903  WARN 12552 --- [search-service] [SpringApplicationShutdownHook] com.alibaba.nacos.client.naming          : [NamingHttpClientManager] Destruction of the end
20:49:51:903  INFO 12552 --- [search-service] [SpringApplicationShutdownHook] com.alibaba.nacos.client.naming          : com.alibaba.nacos.client.naming.core.ServerListManager do shutdown stop
20:49:51:903  INFO 12552 --- [search-service] [SpringApplicationShutdownHook] com.alibaba.nacos.client.naming          : com.alibaba.nacos.client.naming.remote.http.NamingHttpClientProxy do shutdown begin
20:49:51:903  WARN 12552 --- [search-service] [SpringApplicationShutdownHook] com.alibaba.nacos.client.naming          : [NamingHttpClientManager] Start destroying NacosRestTemplate
20:49:51:903  WARN 12552 --- [search-service] [SpringApplicationShutdownHook] com.alibaba.nacos.client.naming          : [NamingHttpClientManager] Destruction of the end
20:49:51:903  INFO 12552 --- [search-service] [SpringApplicationShutdownHook] com.alibaba.nacos.client.naming          : com.alibaba.nacos.client.naming.remote.http.NamingHttpClientProxy do shutdown stop
20:49:51:903  INFO 12552 --- [search-service] [SpringApplicationShutdownHook] com.alibaba.nacos.client.naming          : Shutdown naming grpc client proxy for  uuid->8ab3365b-5a3b-47a6-b74f-c8c8380f96b4
20:49:51:904  INFO 12552 --- [search-service] [SpringApplicationShutdownHook] com.alibaba.nacos.client.naming          : Shutdown grpc redo service executor java.util.concurrent.ScheduledThreadPoolExecutor@40d3bdcf[Running, pool size = 1, active threads = 0, queued tasks = 1, completed tasks = 94]
20:49:51:904  INFO 12552 --- [search-service] [SpringApplicationShutdownHook] com.alibaba.nacos.common.remote.client   : Shutdown rpc client, set status to shutdown
20:49:51:904  INFO 12552 --- [search-service] [SpringApplicationShutdownHook] com.alibaba.nacos.common.remote.client   : Shutdown client event executor java.util.concurrent.ScheduledThreadPoolExecutor@b0cd9ee[Running, pool size = 2, active threads = 2, queued tasks = 0, completed tasks = 0]
20:49:51:904  INFO 12552 --- [search-service] [SpringApplicationShutdownHook] com.alibaba.nacos.common.remote.client   : Close current connection 1782823506444_192.168.150.1_53240
20:49:51:906  INFO 12552 --- [search-service] [nacos-grpc-client-executor-192.168.150.101-70] c.a.n.c.remote.client.grpc.GrpcClient    : [1782823506444_192.168.150.1_53240]Ignore complete event,isRunning:false,isAbandon=false
20:49:51:907  INFO 12552 --- [search-service] [SpringApplicationShutdownHook] c.a.n.c.remote.client.grpc.GrpcClient    : Shutdown grpc executor java.util.concurrent.ThreadPoolExecutor@512a8e15[Running, pool size = 4, active threads = 0, queued tasks = 0, completed tasks = 71]
20:49:51:907  INFO 12552 --- [search-service] [SpringApplicationShutdownHook] com.alibaba.nacos.client.naming          : shutdown and remove naming rpc client  for uuid ->8ab3365b-5a3b-47a6-b74f-c8c8380f96b4
20:49:51:908  INFO 12552 --- [search-service] [SpringApplicationShutdownHook] c.a.n.c.a.r.identify.CredentialWatcher   : [null] CredentialWatcher is stopped
20:49:51:908  INFO 12552 --- [search-service] [SpringApplicationShutdownHook] c.a.n.c.a.r.identify.CredentialService   : [null] CredentialService is freed
20:49:51:908  INFO 12552 --- [search-service] [SpringApplicationShutdownHook] com.alibaba.nacos.client.naming          : com.alibaba.nacos.client.naming.remote.NamingClientProxyDelegate do shutdown stop
