13:43:16:696  INFO 17928 --- [admin-service] [main] com.u.admin.AdminServiceApplication      : Starting AdminServiceApplication using Java 17.0.17 with PID 17928 (E:\T\u-trade\admin-service\target\classes started by zhao in E:\T\u-trade)
13:43:16:700  INFO 17928 --- [admin-service] [main] com.u.admin.AdminServiceApplication      : No active profile set, falling back to 1 default profile: "default"
13:43:16:739  INFO 17928 --- [admin-service] [main] c.a.c.n.c.NacosConfigDataLoader          : [Nacos Config] Load config[dataId=shared-application.yml, group=DEFAULT_GROUP] success
13:43:17:703  INFO 17928 --- [admin-service] [main] o.s.cloud.context.scope.GenericScope     : BeanFactory id=db037356-bfde-3add-99c8-9a091ab75e53
13:43:17:926  WARN 17928 --- [admin-service] [main] trationDelegate$BeanPostProcessorChecker : Bean 'org.springframework.cloud.client.loadbalancer.LoadBalancerAutoConfiguration$DeferringLoadBalancerInterceptorConfig' of type [org.springframework.cloud.client.loadbalancer.LoadBalancerAutoConfiguration$DeferringLoadBalancerInterceptorConfig] is not eligible for getting processed by all BeanPostProcessors (for example: not eligible for auto-proxying). The currently created BeanPostProcessor [lbRestClientPostProcessor] is declared through a non-static factory method on that class; consider declaring it as static instead.
13:43:17:929  WARN 17928 --- [admin-service] [main] trationDelegate$BeanPostProcessorChecker : Bean 'deferringLoadBalancerInterceptor' of type [org.springframework.cloud.client.loadbalancer.DeferringLoadBalancerInterceptor] is not eligible for getting processed by all BeanPostProcessors (for example: not eligible for auto-proxying). Is this bean getting eagerly injected into a currently created BeanPostProcessor [lbRestClientPostProcessor]? Check the corresponding BeanPostProcessor declaration and its dependencies.
13:43:18:144  INFO 17928 --- [admin-service] [main] o.s.b.w.embedded.tomcat.TomcatWebServer  : Tomcat initialized with port 8087 (http)
13:43:18:157  INFO 17928 --- [admin-service] [main] o.apache.catalina.core.StandardService   : Starting service [Tomcat]
13:43:18:157  INFO 17928 --- [admin-service] [main] o.apache.catalina.core.StandardEngine    : Starting Servlet engine: [Apache Tomcat/10.1.30]
13:43:18:221  INFO 17928 --- [admin-service] [main] o.a.c.c.C.[Tomcat].[localhost].[/]       : Initializing Spring embedded WebApplicationContext
13:43:18:222  INFO 17928 --- [admin-service] [main] w.s.c.ServletWebServerApplicationContext : Root WebApplicationContext: initialization completed in 1480 ms
13:43:18:435  INFO 17928 --- [admin-service] [main] o.s.c.openfeign.FeignClientFactoryBean   : For 'user-service' URL not provided. Will try picking an instance via load-balancing.
13:43:18:904  INFO 17928 --- [admin-service] [main] com.u.admin.config.WebMvcConfiguration   : 开始注册自定义拦截器...
13:43:20:243  INFO 17928 --- [admin-service] [main] o.s.cloud.commons.util.InetUtils         : Cannot determine local hostname
13:43:21:525  INFO 17928 --- [admin-service] [main] o.s.cloud.commons.util.InetUtils         : Cannot determine local hostname
13:43:21:539  WARN 17928 --- [admin-service] [main] iguration$LoadBalancerCaffeineWarnLogger : Spring Cloud LoadBalancer is currently working with the default cache. While this cache implementation is useful for development and tests, it's recommended to use Caffeine cache in production.You can switch to using Caffeine cache, by adding it and org.springframework.cache.caffeine.CaffeineCacheManager to the classpath.
13:43:21:601  INFO 17928 --- [admin-service] [main] o.s.b.w.embedded.tomcat.TomcatWebServer  : Tomcat started on port 8087 (http) with context path '/'
13:43:21:607  INFO 17928 --- [admin-service] [main] com.alibaba.nacos.client.naming          : initializer namespace from ans.namespace attribute : null
13:43:21:609  INFO 17928 --- [admin-service] [main] com.alibaba.nacos.client.naming          : initializer namespace from ALIBABA_ALIWARE_NAMESPACE attribute :null
13:43:21:609  INFO 17928 --- [admin-service] [main] com.alibaba.nacos.client.naming          : initializer namespace from namespace attribute :null
13:43:21:617  INFO 17928 --- [admin-service] [main] com.alibaba.nacos.client.naming          : FailoverDataSource type is class com.alibaba.nacos.client.naming.backups.datasource.DiskFailoverDataSource
13:43:21:621  INFO 17928 --- [admin-service] [main] c.a.n.p.a.s.c.ClientAuthPluginManager    : [ClientAuthPluginManager] Load ClientAuthService com.alibaba.nacos.client.auth.impl.NacosClientAuthServiceImpl success.
13:43:21:621  INFO 17928 --- [admin-service] [main] c.a.n.p.a.s.c.ClientAuthPluginManager    : [ClientAuthPluginManager] Load ClientAuthService com.alibaba.nacos.client.auth.ram.RamClientAuthServiceImpl success.
13:43:21:625  INFO 17928 --- [admin-service] [main] com.alibaba.nacos.common.remote.client   : [RpcClientFactory] create a new rpc client of d34b4527-3bd2-4e80-9a7d-4b6cb2ba9078
13:43:21:627  INFO 17928 --- [admin-service] [main] com.alibaba.nacos.client.naming          : Create naming rpc client for uuid->d34b4527-3bd2-4e80-9a7d-4b6cb2ba9078
13:43:21:628  INFO 17928 --- [admin-service] [main] com.alibaba.nacos.common.remote.client   : [d34b4527-3bd2-4e80-9a7d-4b6cb2ba9078] RpcClient init, ServerListFactory = com.alibaba.nacos.client.naming.core.ServerListManager
13:43:21:628  INFO 17928 --- [admin-service] [main] com.alibaba.nacos.common.remote.client   : [d34b4527-3bd2-4e80-9a7d-4b6cb2ba9078] Registry connection listener to current client:com.alibaba.nacos.client.naming.remote.gprc.redo.NamingGrpcRedoService
13:43:21:628  INFO 17928 --- [admin-service] [main] com.alibaba.nacos.common.remote.client   : [d34b4527-3bd2-4e80-9a7d-4b6cb2ba9078] Register server push request handler:com.alibaba.nacos.client.naming.remote.gprc.NamingPushRequestHandler
13:43:21:629  INFO 17928 --- [admin-service] [main] com.alibaba.nacos.common.remote.client   : [d34b4527-3bd2-4e80-9a7d-4b6cb2ba9078] Try to connect to server on start up, server: {serverIp = '192.168.150.101', server main port = 8848}
13:43:21:629  INFO 17928 --- [admin-service] [main] c.a.n.c.remote.client.grpc.GrpcClient    : grpc client connection server:192.168.150.101 ip,serverPort:9848,grpcTslConfig:{"sslProvider":"","enableTls":false,"mutualAuthEnable":false,"trustAll":false}
13:43:21:757  INFO 17928 --- [admin-service] [main] com.alibaba.nacos.common.remote.client   : [d34b4527-3bd2-4e80-9a7d-4b6cb2ba9078] Success to connect to server [192.168.150.101:8848] on start up, connectionId = 1779860602002_192.168.150.1_53047
13:43:21:757  INFO 17928 --- [admin-service] [main] com.alibaba.nacos.common.remote.client   : [d34b4527-3bd2-4e80-9a7d-4b6cb2ba9078] Register server push request handler:com.alibaba.nacos.common.remote.client.RpcClient$ConnectResetRequestHandler
13:43:21:757  INFO 17928 --- [admin-service] [com.alibaba.nacos.client.remote.worker.1] com.alibaba.nacos.common.remote.client   : [d34b4527-3bd2-4e80-9a7d-4b6cb2ba9078] Notify connected event to listeners.
13:43:21:757  INFO 17928 --- [admin-service] [main] com.alibaba.nacos.common.remote.client   : [d34b4527-3bd2-4e80-9a7d-4b6cb2ba9078] Register server push request handler:com.alibaba.nacos.common.remote.client.RpcClient$$Lambda$356/0x000001d4273b6b38
13:43:21:757  INFO 17928 --- [admin-service] [com.alibaba.nacos.client.remote.worker.1] com.alibaba.nacos.client.naming          : Grpc connection connect
13:43:21:758  INFO 17928 --- [admin-service] [main] com.alibaba.nacos.client.naming          : [REGISTER-SERVICE] public registering service admin-service with instance Instance{instanceId='null', ip='192.168.150.1', port=8087, weight=1.0, healthy=true, enabled=true, ephemeral=true, clusterName='DEFAULT', serviceName='null', metadata={IPv6=null, preserved.register.source=SPRING_CLOUD}}
13:43:21:770  INFO 17928 --- [admin-service] [main] c.a.c.n.registry.NacosServiceRegistry    : nacos registry, DEFAULT_GROUP admin-service 192.168.150.1:8087 register finished
13:43:22:859  INFO 17928 --- [admin-service] [main] o.s.cloud.commons.util.InetUtils         : Cannot determine local hostname
13:43:22:866  INFO 17928 --- [admin-service] [main] com.u.admin.AdminServiceApplication      : Started AdminServiceApplication in 8.772 seconds (process running for 9.259)
13:43:22:872  INFO 17928 --- [admin-service] [main] c.a.nacos.client.config.impl.CacheData   : config listener notify warn timeout millis use default 60000 millis 
13:43:22:872  INFO 17928 --- [admin-service] [main] c.a.nacos.client.config.impl.CacheData   : nacos.cache.data.init.snapshot = true 
13:43:22:873  INFO 17928 --- [admin-service] [main] c.a.n.client.config.impl.ClientWorker    : [fixed-192.168.150.101_8848] [subscribe] shared-application.yml+DEFAULT_GROUP
13:43:22:881  INFO 17928 --- [admin-service] [main] c.a.nacos.client.config.impl.CacheData   : [fixed-192.168.150.101_8848] [add-listener] ok, tenant=, dataId=shared-application.yml, group=DEFAULT_GROUP, cnt=1
13:43:22:881  INFO 17928 --- [admin-service] [main] c.a.c.n.refresh.NacosContextRefresher    : [Nacos Config] Listening config: dataId=shared-application.yml, group=DEFAULT_GROUP
14:45:49:600  WARN 17928 --- [admin-service] [Thread-3] c.a.nacos.common.notify.NotifyCenter     : [NotifyCenter] Start destroying Publisher
14:45:49:600  WARN 17928 --- [admin-service] [Thread-1] c.a.n.common.http.HttpClientBeanHolder   : [HttpClientBeanHolder] Start destroying common HttpClient
14:45:49:606  WARN 17928 --- [admin-service] [Thread-3] c.a.nacos.common.notify.NotifyCenter     : [NotifyCenter] Destruction of the end
14:45:49:609  WARN 17928 --- [admin-service] [Thread-1] c.a.n.common.http.HttpClientBeanHolder   : [HttpClientBeanHolder] Destruction of the end
14:45:49:820  INFO 17928 --- [admin-service] [SpringApplicationShutdownHook] c.a.c.n.registry.NacosServiceRegistry    : De-registering from Nacos Server now...
14:45:49:820  INFO 17928 --- [admin-service] [SpringApplicationShutdownHook] com.alibaba.nacos.client.naming          : [DEREGISTER-SERVICE] public deregistering service admin-service with instance: Instance{instanceId='null', ip='192.168.150.1', port=8087, weight=1.0, healthy=true, enabled=true, ephemeral=true, clusterName='DEFAULT', serviceName='null', metadata={}}
14:45:49:834  INFO 17928 --- [admin-service] [SpringApplicationShutdownHook] c.a.c.n.registry.NacosServiceRegistry    : De-registration finished.
14:45:49:835  INFO 17928 --- [admin-service] [SpringApplicationShutdownHook] com.alibaba.nacos.client.naming          : com.alibaba.nacos.client.naming.cache.ServiceInfoHolder do shutdown begin
14:45:49:835  INFO 17928 --- [admin-service] [SpringApplicationShutdownHook] com.alibaba.nacos.client.naming          : com.alibaba.nacos.client.naming.backups.FailoverReactor do shutdown begin
14:45:49:835  INFO 17928 --- [admin-service] [SpringApplicationShutdownHook] com.alibaba.nacos.client.naming          : com.alibaba.nacos.client.naming.backups.FailoverReactor do shutdown stop
14:45:49:835  INFO 17928 --- [admin-service] [SpringApplicationShutdownHook] com.alibaba.nacos.client.naming          : com.alibaba.nacos.client.naming.cache.ServiceInfoHolder do shutdown stop
14:45:49:835  INFO 17928 --- [admin-service] [SpringApplicationShutdownHook] com.alibaba.nacos.client.naming          : com.alibaba.nacos.client.naming.remote.NamingClientProxyDelegate do shutdown begin
14:45:49:835  INFO 17928 --- [admin-service] [SpringApplicationShutdownHook] com.alibaba.nacos.client.naming          : com.alibaba.nacos.client.naming.core.ServiceInfoUpdateService do shutdown begin
14:45:49:835  INFO 17928 --- [admin-service] [SpringApplicationShutdownHook] com.alibaba.nacos.client.naming          : com.alibaba.nacos.client.naming.core.ServiceInfoUpdateService do shutdown stop
14:45:49:835  INFO 17928 --- [admin-service] [SpringApplicationShutdownHook] com.alibaba.nacos.client.naming          : com.alibaba.nacos.client.naming.core.ServerListManager do shutdown begin
14:45:49:836  WARN 17928 --- [admin-service] [SpringApplicationShutdownHook] com.alibaba.nacos.client.naming          : [NamingHttpClientManager] Start destroying NacosRestTemplate
14:45:49:836  WARN 17928 --- [admin-service] [SpringApplicationShutdownHook] com.alibaba.nacos.client.naming          : [NamingHttpClientManager] Destruction of the end
14:45:49:836  INFO 17928 --- [admin-service] [SpringApplicationShutdownHook] com.alibaba.nacos.client.naming          : com.alibaba.nacos.client.naming.core.ServerListManager do shutdown stop
14:45:49:836  INFO 17928 --- [admin-service] [SpringApplicationShutdownHook] com.alibaba.nacos.client.naming          : com.alibaba.nacos.client.naming.remote.http.NamingHttpClientProxy do shutdown begin
14:45:49:836  WARN 17928 --- [admin-service] [SpringApplicationShutdownHook] com.alibaba.nacos.client.naming          : [NamingHttpClientManager] Start destroying NacosRestTemplate
14:45:49:836  WARN 17928 --- [admin-service] [SpringApplicationShutdownHook] com.alibaba.nacos.client.naming          : [NamingHttpClientManager] Destruction of the end
14:45:49:836  INFO 17928 --- [admin-service] [SpringApplicationShutdownHook] com.alibaba.nacos.client.naming          : com.alibaba.nacos.client.naming.remote.http.NamingHttpClientProxy do shutdown stop
14:45:49:836  INFO 17928 --- [admin-service] [SpringApplicationShutdownHook] com.alibaba.nacos.client.naming          : Shutdown naming grpc client proxy for  uuid->d34b4527-3bd2-4e80-9a7d-4b6cb2ba9078
14:45:49:836  INFO 17928 --- [admin-service] [SpringApplicationShutdownHook] com.alibaba.nacos.client.naming          : Shutdown grpc redo service executor java.util.concurrent.ScheduledThreadPoolExecutor@4d49ab11[Running, pool size = 1, active threads = 0, queued tasks = 1, completed tasks = 1246]
14:45:49:837  INFO 17928 --- [admin-service] [SpringApplicationShutdownHook] com.alibaba.nacos.common.remote.client   : Shutdown rpc client, set status to shutdown
14:45:49:837  INFO 17928 --- [admin-service] [SpringApplicationShutdownHook] com.alibaba.nacos.common.remote.client   : Shutdown client event executor java.util.concurrent.ScheduledThreadPoolExecutor@73c77493[Running, pool size = 2, active threads = 2, queued tasks = 0, completed tasks = 0]
14:45:49:837  INFO 17928 --- [admin-service] [SpringApplicationShutdownHook] com.alibaba.nacos.common.remote.client   : Close current connection 1779860602002_192.168.150.1_53047
14:45:49:840  INFO 17928 --- [admin-service] [nacos-grpc-client-executor-192.168.150.101-727] c.a.n.c.remote.client.grpc.GrpcClient    : [1779860602002_192.168.150.1_53047]Ignore complete event,isRunning:false,isAbandon=false
14:45:49:846  INFO 17928 --- [admin-service] [SpringApplicationShutdownHook] c.a.n.c.remote.client.grpc.GrpcClient    : Shutdown grpc executor java.util.concurrent.ThreadPoolExecutor@dbad741[Running, pool size = 4, active threads = 0, queued tasks = 0, completed tasks = 728]
14:45:49:847  INFO 17928 --- [admin-service] [SpringApplicationShutdownHook] com.alibaba.nacos.client.naming          : shutdown and remove naming rpc client  for uuid ->d34b4527-3bd2-4e80-9a7d-4b6cb2ba9078
14:45:49:847  INFO 17928 --- [admin-service] [SpringApplicationShutdownHook] c.a.n.c.a.r.identify.CredentialWatcher   : [null] CredentialWatcher is stopped
14:45:49:847  INFO 17928 --- [admin-service] [SpringApplicationShutdownHook] c.a.n.c.a.r.identify.CredentialService   : [null] CredentialService is freed
14:45:49:847  INFO 17928 --- [admin-service] [SpringApplicationShutdownHook] com.alibaba.nacos.client.naming          : com.alibaba.nacos.client.naming.remote.NamingClientProxyDelegate do shutdown stop
