13:43:23:747  INFO 19940 --- [chat-service] [main] com.u.chat.ChatServiceApplication        : Starting ChatServiceApplication using Java 17.0.17 with PID 19940 (E:\T\u-trade\chat-service\target\classes started by zhao in E:\T\u-trade)
13:43:23:750  INFO 19940 --- [chat-service] [main] com.u.chat.ChatServiceApplication        : No active profile set, falling back to 1 default profile: "default"
13:43:23:782  INFO 19940 --- [chat-service] [main] c.a.c.n.c.NacosConfigDataLoader          : [Nacos Config] Load config[dataId=shared-application.yml, group=DEFAULT_GROUP] success
13:43:24:519  INFO 19940 --- [chat-service] [main] .s.d.r.c.RepositoryConfigurationDelegate : Multiple Spring Data modules found, entering strict repository configuration mode
13:43:24:528  INFO 19940 --- [chat-service] [main] .s.d.r.c.RepositoryConfigurationDelegate : Bootstrapping Spring Data Redis repositories in DEFAULT mode.
13:43:24:561  INFO 19940 --- [chat-service] [main] .s.d.r.c.RepositoryConfigurationDelegate : Finished Spring Data repository scanning in 16 ms. Found 0 Redis repository interfaces.
13:43:24:747  INFO 19940 --- [chat-service] [main] o.s.cloud.context.scope.GenericScope     : BeanFactory id=048a3146-7fc6-33a8-9174-803c62f070e5
13:43:25:110  INFO 19940 --- [chat-service] [main] o.s.b.w.embedded.tomcat.TomcatWebServer  : Tomcat initialized with port 8086 (http)
13:43:25:131  INFO 19940 --- [chat-service] [main] o.apache.catalina.core.StandardService   : Starting service [Tomcat]
13:43:25:131  INFO 19940 --- [chat-service] [main] o.apache.catalina.core.StandardEngine    : Starting Servlet engine: [Apache Tomcat/10.1.30]
13:43:25:195  INFO 19940 --- [chat-service] [main] o.a.c.c.C.[Tomcat].[localhost].[/]       : Initializing Spring embedded WebApplicationContext
13:43:25:196  INFO 19940 --- [chat-service] [main] w.s.c.ServletWebServerApplicationContext : Root WebApplicationContext: initialization completed in 1413 ms
13:43:26:107  INFO 19940 --- [chat-service] [main] com.u.chat.config.WebMvcConfiguration    : 开始注册自定义拦截器...
13:43:27:361  INFO 19940 --- [chat-service] [main] o.s.cloud.commons.util.InetUtils         : Cannot determine local hostname
13:43:28:923  INFO 19940 --- [chat-service] [main] o.s.cloud.commons.util.InetUtils         : Cannot determine local hostname
13:43:28:992  INFO 19940 --- [chat-service] [main] o.s.b.w.embedded.tomcat.TomcatWebServer  : Tomcat started on port 8086 (http) with context path '/'
13:43:28:998  INFO 19940 --- [chat-service] [main] com.alibaba.nacos.client.naming          : initializer namespace from ans.namespace attribute : null
13:43:29:000  INFO 19940 --- [chat-service] [main] com.alibaba.nacos.client.naming          : initializer namespace from ALIBABA_ALIWARE_NAMESPACE attribute :null
13:43:29:000  INFO 19940 --- [chat-service] [main] com.alibaba.nacos.client.naming          : initializer namespace from namespace attribute :null
13:43:29:015  INFO 19940 --- [chat-service] [main] com.alibaba.nacos.client.naming          : FailoverDataSource type is class com.alibaba.nacos.client.naming.backups.datasource.DiskFailoverDataSource
13:43:29:024  INFO 19940 --- [chat-service] [main] c.a.n.p.a.s.c.ClientAuthPluginManager    : [ClientAuthPluginManager] Load ClientAuthService com.alibaba.nacos.client.auth.impl.NacosClientAuthServiceImpl success.
13:43:29:024  INFO 19940 --- [chat-service] [main] c.a.n.p.a.s.c.ClientAuthPluginManager    : [ClientAuthPluginManager] Load ClientAuthService com.alibaba.nacos.client.auth.ram.RamClientAuthServiceImpl success.
13:43:29:028  INFO 19940 --- [chat-service] [main] com.alibaba.nacos.common.remote.client   : [RpcClientFactory] create a new rpc client of db1581a2-a652-4004-9596-f0a3d9273216
13:43:29:030  INFO 19940 --- [chat-service] [main] com.alibaba.nacos.client.naming          : Create naming rpc client for uuid->db1581a2-a652-4004-9596-f0a3d9273216
13:43:29:032  INFO 19940 --- [chat-service] [main] com.alibaba.nacos.common.remote.client   : [db1581a2-a652-4004-9596-f0a3d9273216] RpcClient init, ServerListFactory = com.alibaba.nacos.client.naming.core.ServerListManager
13:43:29:032  INFO 19940 --- [chat-service] [main] com.alibaba.nacos.common.remote.client   : [db1581a2-a652-4004-9596-f0a3d9273216] Registry connection listener to current client:com.alibaba.nacos.client.naming.remote.gprc.redo.NamingGrpcRedoService
13:43:29:032  INFO 19940 --- [chat-service] [main] com.alibaba.nacos.common.remote.client   : [db1581a2-a652-4004-9596-f0a3d9273216] Register server push request handler:com.alibaba.nacos.client.naming.remote.gprc.NamingPushRequestHandler
13:43:29:033  INFO 19940 --- [chat-service] [main] com.alibaba.nacos.common.remote.client   : [db1581a2-a652-4004-9596-f0a3d9273216] Try to connect to server on start up, server: {serverIp = '192.168.150.101', server main port = 8848}
13:43:29:033  INFO 19940 --- [chat-service] [main] c.a.n.c.remote.client.grpc.GrpcClient    : grpc client connection server:192.168.150.101 ip,serverPort:9848,grpcTslConfig:{"sslProvider":"","enableTls":false,"mutualAuthEnable":false,"trustAll":false}
13:43:29:154  INFO 19940 --- [chat-service] [main] com.alibaba.nacos.common.remote.client   : [db1581a2-a652-4004-9596-f0a3d9273216] Success to connect to server [192.168.150.101:8848] on start up, connectionId = 1779860609404_192.168.150.1_53066
13:43:29:154  INFO 19940 --- [chat-service] [main] com.alibaba.nacos.common.remote.client   : [db1581a2-a652-4004-9596-f0a3d9273216] Register server push request handler:com.alibaba.nacos.common.remote.client.RpcClient$ConnectResetRequestHandler
13:43:29:154  INFO 19940 --- [chat-service] [com.alibaba.nacos.client.remote.worker.0] com.alibaba.nacos.common.remote.client   : [db1581a2-a652-4004-9596-f0a3d9273216] Notify connected event to listeners.
13:43:29:154  INFO 19940 --- [chat-service] [main] com.alibaba.nacos.common.remote.client   : [db1581a2-a652-4004-9596-f0a3d9273216] Register server push request handler:com.alibaba.nacos.common.remote.client.RpcClient$$Lambda$355/0x00000271343b7750
13:43:29:154  INFO 19940 --- [chat-service] [com.alibaba.nacos.client.remote.worker.0] com.alibaba.nacos.client.naming          : Grpc connection connect
13:43:29:156  INFO 19940 --- [chat-service] [main] com.alibaba.nacos.client.naming          : [REGISTER-SERVICE] public registering service chat-service with instance Instance{instanceId='null', ip='192.168.150.1', port=8086, weight=1.0, healthy=true, enabled=true, ephemeral=true, clusterName='DEFAULT', serviceName='null', metadata={IPv6=null, preserved.register.source=SPRING_CLOUD}}
13:43:29:169  INFO 19940 --- [chat-service] [main] c.a.c.n.registry.NacosServiceRegistry    : nacos registry, DEFAULT_GROUP chat-service 192.168.150.1:8086 register finished
13:43:30:267  INFO 19940 --- [chat-service] [main] o.s.cloud.commons.util.InetUtils         : Cannot determine local hostname
13:43:30:279  INFO 19940 --- [chat-service] [main] com.u.chat.ChatServiceApplication        : Started ChatServiceApplication in 9.168 seconds (process running for 9.736)
13:43:30:288  INFO 19940 --- [chat-service] [main] c.a.nacos.client.config.impl.CacheData   : config listener notify warn timeout millis use default 60000 millis 
13:43:30:288  INFO 19940 --- [chat-service] [main] c.a.nacos.client.config.impl.CacheData   : nacos.cache.data.init.snapshot = true 
13:43:30:289  INFO 19940 --- [chat-service] [main] c.a.n.client.config.impl.ClientWorker    : [fixed-192.168.150.101_8848] [subscribe] shared-application.yml+DEFAULT_GROUP
13:43:30:299  INFO 19940 --- [chat-service] [main] c.a.nacos.client.config.impl.CacheData   : [fixed-192.168.150.101_8848] [add-listener] ok, tenant=, dataId=shared-application.yml, group=DEFAULT_GROUP, cnt=1
13:43:30:299  INFO 19940 --- [chat-service] [main] c.a.c.n.refresh.NacosContextRefresher    : [Nacos Config] Listening config: dataId=shared-application.yml, group=DEFAULT_GROUP
14:13:31:033 ERROR 19940 --- [chat-service] [nacos.client.config.listener.task-0] com.alibaba.nacos.common.remote.client   : Send request fail, request = ConfigBatchListenRequest{headers={charset=UTF-8, Client-AppName=unknown, Client-RequestToken=105f6264664129102893246dc2df658c, Client-RequestTS=1779862408022, exConfigInfo=true}, requestId='null'}, retryTimes = 0, errorMessage = java.util.concurrent.TimeoutException: Waited 3000 milliseconds (plus 9 milliseconds, 621100 nanoseconds delay) for com.alibaba.nacos.shaded.io.grpc.stub.ClientCalls$GrpcFuture@5fb4a1f7[status=PENDING, info=[GrpcFuture{clientCall=ClientCallImpl{method=MethodDescriptor{fullMethodName=Request/request, type=UNARY, idempotent=false, safe=false, sampledToLocalTracing=true, requestMarshaller=com.alibaba.nacos.shaded.io.grpc.protobuf.lite.ProtoLiteUtils$MessageMarshaller@279478a4, responseMarshaller=com.alibaba.nacos.shaded.io.grpc.protobuf.lite.ProtoLiteUtils$MessageMarshaller@fd738d3, schemaDescriptor=com.alibaba.nacos.api.grpc.auto.RequestGrpc$RequestMethodDescriptorSupplier@42df3b40}}}]]
14:13:31:034 ERROR 19940 --- [chat-service] [nacos.client.config.listener.task-0] c.a.n.client.config.impl.ClientWorker    : Execute listen config change error 

com.alibaba.nacos.api.exception.NacosException: java.util.concurrent.TimeoutException: Waited 3000 milliseconds (plus 9 milliseconds, 621100 nanoseconds delay) for com.alibaba.nacos.shaded.io.grpc.stub.ClientCalls$GrpcFuture@5fb4a1f7[status=PENDING, info=[GrpcFuture{clientCall=ClientCallImpl{method=MethodDescriptor{fullMethodName=Request/request, type=UNARY, idempotent=false, safe=false, sampledToLocalTracing=true, requestMarshaller=com.alibaba.nacos.shaded.io.grpc.protobuf.lite.ProtoLiteUtils$MessageMarshaller@279478a4, responseMarshaller=com.alibaba.nacos.shaded.io.grpc.protobuf.lite.ProtoLiteUtils$MessageMarshaller@fd738d3, schemaDescriptor=com.alibaba.nacos.api.grpc.auto.RequestGrpc$RequestMethodDescriptorSupplier@42df3b40}}}]]
	at com.alibaba.nacos.common.remote.client.grpc.GrpcConnection.request(GrpcConnection.java:82) ~[nacos-client-2.3.2.jar:na]
	at com.alibaba.nacos.common.remote.client.RpcClient.request(RpcClient.java:646) ~[nacos-client-2.3.2.jar:na]
	at com.alibaba.nacos.client.config.impl.ClientWorker$ConfigRpcTransportClient.requestProxy(ClientWorker.java:1221) ~[nacos-client-2.3.2.jar:na]
	at com.alibaba.nacos.client.config.impl.ClientWorker$ConfigRpcTransportClient.requestProxy(ClientWorker.java:1202) ~[nacos-client-2.3.2.jar:na]
	at com.alibaba.nacos.client.config.impl.ClientWorker$ConfigRpcTransportClient.lambda$checkListenCache$7(ClientWorker.java:1018) ~[nacos-client-2.3.2.jar:na]
	at java.base/java.util.concurrent.Executors$RunnableAdapter.call(Executors.java:539) ~[na:na]
	at java.base/java.util.concurrent.FutureTask.run(FutureTask.java:264) ~[na:na]
	at java.base/java.util.concurrent.ThreadPoolExecutor.runWorker(ThreadPoolExecutor.java:1136) ~[na:na]
	at java.base/java.util.concurrent.ThreadPoolExecutor$Worker.run(ThreadPoolExecutor.java:635) ~[na:na]
	at java.base/java.lang.Thread.run(Thread.java:842) ~[na:na]
Caused by: java.util.concurrent.TimeoutException: Waited 3000 milliseconds (plus 9 milliseconds, 621100 nanoseconds delay) for com.alibaba.nacos.shaded.io.grpc.stub.ClientCalls$GrpcFuture@5fb4a1f7[status=PENDING, info=[GrpcFuture{clientCall=ClientCallImpl{method=MethodDescriptor{fullMethodName=Request/request, type=UNARY, idempotent=false, safe=false, sampledToLocalTracing=true, requestMarshaller=com.alibaba.nacos.shaded.io.grpc.protobuf.lite.ProtoLiteUtils$MessageMarshaller@279478a4, responseMarshaller=com.alibaba.nacos.shaded.io.grpc.protobuf.lite.ProtoLiteUtils$MessageMarshaller@fd738d3, schemaDescriptor=com.alibaba.nacos.api.grpc.auto.RequestGrpc$RequestMethodDescriptorSupplier@42df3b40}}}]]
	at com.alibaba.nacos.shaded.com.google.common.util.concurrent.AbstractFuture.get(AbstractFuture.java:531) ~[nacos-client-2.3.2.jar:na]
	at com.alibaba.nacos.common.remote.client.grpc.GrpcConnection.request(GrpcConnection.java:79) ~[nacos-client-2.3.2.jar:na]
	... 9 common frames omitted

14:13:31:994  INFO 19940 --- [chat-service] [com.alibaba.nacos.client.remote.worker.1] com.alibaba.nacos.common.remote.client   : [74700c06-292e-4d53-97b6-5d4dd2acc97e_config-0] Server check success, currentServer is 192.168.150.101:8848 
14:40:19:100  WARN 19940 --- [chat-service] [Thread-3] c.a.nacos.common.notify.NotifyCenter     : [NotifyCenter] Start destroying Publisher
14:40:19:100  WARN 19940 --- [chat-service] [Thread-1] c.a.n.common.http.HttpClientBeanHolder   : [HttpClientBeanHolder] Start destroying common HttpClient
14:40:19:107  WARN 19940 --- [chat-service] [Thread-3] c.a.nacos.common.notify.NotifyCenter     : [NotifyCenter] Destruction of the end
14:40:19:109  WARN 19940 --- [chat-service] [Thread-1] c.a.n.common.http.HttpClientBeanHolder   : [HttpClientBeanHolder] Destruction of the end
14:40:19:280  INFO 19940 --- [chat-service] [SpringApplicationShutdownHook] c.a.c.n.registry.NacosServiceRegistry    : De-registering from Nacos Server now...
14:40:19:280  INFO 19940 --- [chat-service] [SpringApplicationShutdownHook] com.alibaba.nacos.client.naming          : [DEREGISTER-SERVICE] public deregistering service chat-service with instance: Instance{instanceId='null', ip='192.168.150.1', port=8086, weight=1.0, healthy=true, enabled=true, ephemeral=true, clusterName='DEFAULT', serviceName='null', metadata={}}
14:40:19:293  INFO 19940 --- [chat-service] [SpringApplicationShutdownHook] c.a.c.n.registry.NacosServiceRegistry    : De-registration finished.
14:40:19:294  INFO 19940 --- [chat-service] [SpringApplicationShutdownHook] com.alibaba.nacos.client.naming          : com.alibaba.nacos.client.naming.cache.ServiceInfoHolder do shutdown begin
14:40:19:294  INFO 19940 --- [chat-service] [SpringApplicationShutdownHook] com.alibaba.nacos.client.naming          : com.alibaba.nacos.client.naming.backups.FailoverReactor do shutdown begin
14:40:19:294  INFO 19940 --- [chat-service] [SpringApplicationShutdownHook] com.alibaba.nacos.client.naming          : com.alibaba.nacos.client.naming.backups.FailoverReactor do shutdown stop
14:40:19:294  INFO 19940 --- [chat-service] [SpringApplicationShutdownHook] com.alibaba.nacos.client.naming          : com.alibaba.nacos.client.naming.cache.ServiceInfoHolder do shutdown stop
14:40:19:295  INFO 19940 --- [chat-service] [SpringApplicationShutdownHook] com.alibaba.nacos.client.naming          : com.alibaba.nacos.client.naming.remote.NamingClientProxyDelegate do shutdown begin
14:40:19:295  INFO 19940 --- [chat-service] [SpringApplicationShutdownHook] com.alibaba.nacos.client.naming          : com.alibaba.nacos.client.naming.core.ServiceInfoUpdateService do shutdown begin
14:40:19:295  INFO 19940 --- [chat-service] [SpringApplicationShutdownHook] com.alibaba.nacos.client.naming          : com.alibaba.nacos.client.naming.core.ServiceInfoUpdateService do shutdown stop
14:40:19:295  INFO 19940 --- [chat-service] [SpringApplicationShutdownHook] com.alibaba.nacos.client.naming          : com.alibaba.nacos.client.naming.core.ServerListManager do shutdown begin
14:40:19:295  WARN 19940 --- [chat-service] [SpringApplicationShutdownHook] com.alibaba.nacos.client.naming          : [NamingHttpClientManager] Start destroying NacosRestTemplate
14:40:19:295  WARN 19940 --- [chat-service] [SpringApplicationShutdownHook] com.alibaba.nacos.client.naming          : [NamingHttpClientManager] Destruction of the end
14:40:19:295  INFO 19940 --- [chat-service] [SpringApplicationShutdownHook] com.alibaba.nacos.client.naming          : com.alibaba.nacos.client.naming.core.ServerListManager do shutdown stop
14:40:19:295  INFO 19940 --- [chat-service] [SpringApplicationShutdownHook] com.alibaba.nacos.client.naming          : com.alibaba.nacos.client.naming.remote.http.NamingHttpClientProxy do shutdown begin
14:40:19:295  WARN 19940 --- [chat-service] [SpringApplicationShutdownHook] com.alibaba.nacos.client.naming          : [NamingHttpClientManager] Start destroying NacosRestTemplate
14:40:19:295  WARN 19940 --- [chat-service] [SpringApplicationShutdownHook] com.alibaba.nacos.client.naming          : [NamingHttpClientManager] Destruction of the end
14:40:19:296  INFO 19940 --- [chat-service] [SpringApplicationShutdownHook] com.alibaba.nacos.client.naming          : com.alibaba.nacos.client.naming.remote.http.NamingHttpClientProxy do shutdown stop
14:40:19:297  INFO 19940 --- [chat-service] [SpringApplicationShutdownHook] com.alibaba.nacos.client.naming          : Shutdown naming grpc client proxy for  uuid->db1581a2-a652-4004-9596-f0a3d9273216
14:40:19:298  INFO 19940 --- [chat-service] [SpringApplicationShutdownHook] com.alibaba.nacos.client.naming          : Shutdown grpc redo service executor java.util.concurrent.ScheduledThreadPoolExecutor@4e7c5647[Running, pool size = 1, active threads = 0, queued tasks = 1, completed tasks = 1134]
14:40:19:298  INFO 19940 --- [chat-service] [SpringApplicationShutdownHook] com.alibaba.nacos.common.remote.client   : Shutdown rpc client, set status to shutdown
14:40:19:298  INFO 19940 --- [chat-service] [SpringApplicationShutdownHook] com.alibaba.nacos.common.remote.client   : Shutdown client event executor java.util.concurrent.ScheduledThreadPoolExecutor@68ebcf2c[Running, pool size = 2, active threads = 2, queued tasks = 0, completed tasks = 0]
14:40:19:298  INFO 19940 --- [chat-service] [SpringApplicationShutdownHook] com.alibaba.nacos.common.remote.client   : Close current connection 1779860609404_192.168.150.1_53066
14:40:19:301  INFO 19940 --- [chat-service] [nacos-grpc-client-executor-192.168.150.101-663] c.a.n.c.remote.client.grpc.GrpcClient    : [1779860609404_192.168.150.1_53066]Ignore complete event,isRunning:false,isAbandon=false
14:40:19:303  INFO 19940 --- [chat-service] [SpringApplicationShutdownHook] c.a.n.c.remote.client.grpc.GrpcClient    : Shutdown grpc executor java.util.concurrent.ThreadPoolExecutor@173c153d[Running, pool size = 4, active threads = 0, queued tasks = 0, completed tasks = 664]
14:40:19:303  INFO 19940 --- [chat-service] [SpringApplicationShutdownHook] com.alibaba.nacos.client.naming          : shutdown and remove naming rpc client  for uuid ->db1581a2-a652-4004-9596-f0a3d9273216
14:40:19:303  INFO 19940 --- [chat-service] [SpringApplicationShutdownHook] c.a.n.c.a.r.identify.CredentialWatcher   : [null] CredentialWatcher is stopped
14:40:19:303  INFO 19940 --- [chat-service] [SpringApplicationShutdownHook] c.a.n.c.a.r.identify.CredentialService   : [null] CredentialService is freed
14:40:19:304  INFO 19940 --- [chat-service] [SpringApplicationShutdownHook] com.alibaba.nacos.client.naming          : com.alibaba.nacos.client.naming.remote.NamingClientProxyDelegate do shutdown stop
14:40:23:859  INFO 24220 --- [chat-service] [main] com.u.chat.ChatServiceApplication        : Starting ChatServiceApplication using Java 17.0.17 with PID 24220 (E:\T\u-trade\chat-service\target\classes started by zhao in E:\T\u-trade)
14:40:23:861  INFO 24220 --- [chat-service] [main] com.u.chat.ChatServiceApplication        : No active profile set, falling back to 1 default profile: "default"
14:40:23:897  INFO 24220 --- [chat-service] [main] c.a.c.n.c.NacosConfigDataLoader          : [Nacos Config] Load config[dataId=shared-application.yml, group=DEFAULT_GROUP] success
14:40:24:568  INFO 24220 --- [chat-service] [main] .s.d.r.c.RepositoryConfigurationDelegate : Multiple Spring Data modules found, entering strict repository configuration mode
14:40:24:571  INFO 24220 --- [chat-service] [main] .s.d.r.c.RepositoryConfigurationDelegate : Bootstrapping Spring Data Redis repositories in DEFAULT mode.
14:40:24:596  INFO 24220 --- [chat-service] [main] .s.d.r.c.RepositoryConfigurationDelegate : Finished Spring Data repository scanning in 13 ms. Found 0 Redis repository interfaces.
14:40:24:754  INFO 24220 --- [chat-service] [main] o.s.cloud.context.scope.GenericScope     : BeanFactory id=048a3146-7fc6-33a8-9174-803c62f070e5
14:40:25:087  INFO 24220 --- [chat-service] [main] o.s.b.w.embedded.tomcat.TomcatWebServer  : Tomcat initialized with port 8086 (http)
14:40:25:098  INFO 24220 --- [chat-service] [main] o.apache.catalina.core.StandardService   : Starting service [Tomcat]
14:40:25:099  INFO 24220 --- [chat-service] [main] o.apache.catalina.core.StandardEngine    : Starting Servlet engine: [Apache Tomcat/10.1.30]
14:40:25:167  INFO 24220 --- [chat-service] [main] o.a.c.c.C.[Tomcat].[localhost].[/]       : Initializing Spring embedded WebApplicationContext
14:40:25:168  INFO 24220 --- [chat-service] [main] w.s.c.ServletWebServerApplicationContext : Root WebApplicationContext: initialization completed in 1269 ms
14:40:25:950  INFO 24220 --- [chat-service] [main] com.u.chat.config.WebMvcConfiguration    : 开始注册自定义拦截器...
14:40:27:172  INFO 24220 --- [chat-service] [main] o.s.cloud.commons.util.InetUtils         : Cannot determine local hostname
14:40:28:625  INFO 24220 --- [chat-service] [main] o.s.cloud.commons.util.InetUtils         : Cannot determine local hostname
14:40:28:673  INFO 24220 --- [chat-service] [main] o.s.b.w.embedded.tomcat.TomcatWebServer  : Tomcat started on port 8086 (http) with context path '/'
14:40:28:677  INFO 24220 --- [chat-service] [main] com.alibaba.nacos.client.naming          : initializer namespace from ans.namespace attribute : null
14:40:28:677  INFO 24220 --- [chat-service] [main] com.alibaba.nacos.client.naming          : initializer namespace from ALIBABA_ALIWARE_NAMESPACE attribute :null
14:40:28:677  INFO 24220 --- [chat-service] [main] com.alibaba.nacos.client.naming          : initializer namespace from namespace attribute :null
14:40:28:682  INFO 24220 --- [chat-service] [main] com.alibaba.nacos.client.naming          : FailoverDataSource type is class com.alibaba.nacos.client.naming.backups.datasource.DiskFailoverDataSource
14:40:28:685  INFO 24220 --- [chat-service] [main] c.a.n.p.a.s.c.ClientAuthPluginManager    : [ClientAuthPluginManager] Load ClientAuthService com.alibaba.nacos.client.auth.impl.NacosClientAuthServiceImpl success.
14:40:28:685  INFO 24220 --- [chat-service] [main] c.a.n.p.a.s.c.ClientAuthPluginManager    : [ClientAuthPluginManager] Load ClientAuthService com.alibaba.nacos.client.auth.ram.RamClientAuthServiceImpl success.
14:40:28:687  INFO 24220 --- [chat-service] [main] com.alibaba.nacos.common.remote.client   : [RpcClientFactory] create a new rpc client of 423d7f0e-23b1-41a3-a047-bc23c1414f71
14:40:28:689  INFO 24220 --- [chat-service] [main] com.alibaba.nacos.client.naming          : Create naming rpc client for uuid->423d7f0e-23b1-41a3-a047-bc23c1414f71
14:40:28:689  INFO 24220 --- [chat-service] [main] com.alibaba.nacos.common.remote.client   : [423d7f0e-23b1-41a3-a047-bc23c1414f71] RpcClient init, ServerListFactory = com.alibaba.nacos.client.naming.core.ServerListManager
14:40:28:689  INFO 24220 --- [chat-service] [main] com.alibaba.nacos.common.remote.client   : [423d7f0e-23b1-41a3-a047-bc23c1414f71] Registry connection listener to current client:com.alibaba.nacos.client.naming.remote.gprc.redo.NamingGrpcRedoService
14:40:28:689  INFO 24220 --- [chat-service] [main] com.alibaba.nacos.common.remote.client   : [423d7f0e-23b1-41a3-a047-bc23c1414f71] Register server push request handler:com.alibaba.nacos.client.naming.remote.gprc.NamingPushRequestHandler
14:40:28:689  INFO 24220 --- [chat-service] [main] com.alibaba.nacos.common.remote.client   : [423d7f0e-23b1-41a3-a047-bc23c1414f71] Try to connect to server on start up, server: {serverIp = '192.168.150.101', server main port = 8848}
14:40:28:689  INFO 24220 --- [chat-service] [main] c.a.n.c.remote.client.grpc.GrpcClient    : grpc client connection server:192.168.150.101 ip,serverPort:9848,grpcTslConfig:{"sslProvider":"","enableTls":false,"mutualAuthEnable":false,"trustAll":false}
14:40:28:813  INFO 24220 --- [chat-service] [main] com.alibaba.nacos.common.remote.client   : [423d7f0e-23b1-41a3-a047-bc23c1414f71] Success to connect to server [192.168.150.101:8848] on start up, connectionId = 1779864029076_192.168.150.1_50115
14:40:28:813  INFO 24220 --- [chat-service] [main] com.alibaba.nacos.common.remote.client   : [423d7f0e-23b1-41a3-a047-bc23c1414f71] Register server push request handler:com.alibaba.nacos.common.remote.client.RpcClient$ConnectResetRequestHandler
14:40:28:813  INFO 24220 --- [chat-service] [com.alibaba.nacos.client.remote.worker.0] com.alibaba.nacos.common.remote.client   : [423d7f0e-23b1-41a3-a047-bc23c1414f71] Notify connected event to listeners.
14:40:28:813  INFO 24220 --- [chat-service] [main] com.alibaba.nacos.common.remote.client   : [423d7f0e-23b1-41a3-a047-bc23c1414f71] Register server push request handler:com.alibaba.nacos.common.remote.client.RpcClient$$Lambda$355/0x0000025f813b6ff8
14:40:28:813  INFO 24220 --- [chat-service] [com.alibaba.nacos.client.remote.worker.0] com.alibaba.nacos.client.naming          : Grpc connection connect
14:40:28:814  INFO 24220 --- [chat-service] [main] com.alibaba.nacos.client.naming          : [REGISTER-SERVICE] public registering service chat-service with instance Instance{instanceId='null', ip='192.168.150.1', port=8086, weight=1.0, healthy=true, enabled=true, ephemeral=true, clusterName='DEFAULT', serviceName='null', metadata={IPv6=null, preserved.register.source=SPRING_CLOUD}}
14:40:28:824  INFO 24220 --- [chat-service] [main] c.a.c.n.registry.NacosServiceRegistry    : nacos registry, DEFAULT_GROUP chat-service 192.168.150.1:8086 register finished
14:40:29:897  INFO 24220 --- [chat-service] [main] o.s.cloud.commons.util.InetUtils         : Cannot determine local hostname
14:40:29:905  INFO 24220 --- [chat-service] [main] com.u.chat.ChatServiceApplication        : Started ChatServiceApplication in 8.5 seconds (process running for 9.408)
14:40:29:908  INFO 24220 --- [chat-service] [main] c.a.nacos.client.config.impl.CacheData   : config listener notify warn timeout millis use default 60000 millis 
14:40:29:909  INFO 24220 --- [chat-service] [main] c.a.nacos.client.config.impl.CacheData   : nacos.cache.data.init.snapshot = true 
14:40:29:910  INFO 24220 --- [chat-service] [main] c.a.n.client.config.impl.ClientWorker    : [fixed-192.168.150.101_8848] [subscribe] shared-application.yml+DEFAULT_GROUP
14:40:29:915  INFO 24220 --- [chat-service] [main] c.a.nacos.client.config.impl.CacheData   : [fixed-192.168.150.101_8848] [add-listener] ok, tenant=, dataId=shared-application.yml, group=DEFAULT_GROUP, cnt=1
14:40:29:915  INFO 24220 --- [chat-service] [main] c.a.c.n.refresh.NacosContextRefresher    : [Nacos Config] Listening config: dataId=shared-application.yml, group=DEFAULT_GROUP
14:42:13:613  INFO 24220 --- [chat-service] [http-nio-8086-exec-1] o.a.c.c.C.[Tomcat].[localhost].[/]       : Initializing Spring DispatcherServlet 'dispatcherServlet'
14:42:13:613  INFO 24220 --- [chat-service] [http-nio-8086-exec-1] o.s.web.servlet.DispatcherServlet        : Initializing Servlet 'dispatcherServlet'
14:42:13:614  INFO 24220 --- [chat-service] [http-nio-8086-exec-1] o.s.web.servlet.DispatcherServlet        : Completed initialization in 0 ms
14:42:13:635 ERROR 24220 --- [chat-service] [http-nio-8086-exec-1] c.u.c.exception.GlobalExceptionHandler   : 系统异常

org.springframework.web.servlet.resource.NoResourceFoundException: No static resource .
	at org.springframework.web.servlet.resource.ResourceHttpRequestHandler.handleRequest(ResourceHttpRequestHandler.java:585) ~[spring-webmvc-6.1.13.jar:6.1.13]
	at org.springframework.web.servlet.mvc.HttpRequestHandlerAdapter.handle(HttpRequestHandlerAdapter.java:52) ~[spring-webmvc-6.1.13.jar:6.1.13]
	at org.springframework.web.servlet.DispatcherServlet.doDispatch(DispatcherServlet.java:1089) ~[spring-webmvc-6.1.13.jar:6.1.13]
	at org.springframework.web.servlet.DispatcherServlet.doService(DispatcherServlet.java:979) ~[spring-webmvc-6.1.13.jar:6.1.13]
	at org.springframework.web.servlet.FrameworkServlet.processRequest(FrameworkServlet.java:1014) ~[spring-webmvc-6.1.13.jar:6.1.13]
	at org.springframework.web.servlet.FrameworkServlet.doGet(FrameworkServlet.java:903) ~[spring-webmvc-6.1.13.jar:6.1.13]
	at jakarta.servlet.http.HttpServlet.service(HttpServlet.java:564) ~[tomcat-embed-core-10.1.30.jar:6.0]
	at org.springframework.web.servlet.FrameworkServlet.service(FrameworkServlet.java:885) ~[spring-webmvc-6.1.13.jar:6.1.13]
	at jakarta.servlet.http.HttpServlet.service(HttpServlet.java:658) ~[tomcat-embed-core-10.1.30.jar:6.0]
	at org.apache.catalina.core.ApplicationFilterChain.internalDoFilter(ApplicationFilterChain.java:195) ~[tomcat-embed-core-10.1.30.jar:10.1.30]
	at org.apache.catalina.core.ApplicationFilterChain.doFilter(ApplicationFilterChain.java:140) ~[tomcat-embed-core-10.1.30.jar:10.1.30]
	at org.apache.tomcat.websocket.server.WsFilter.doFilter(WsFilter.java:51) ~[tomcat-embed-websocket-10.1.30.jar:10.1.30]
	at org.apache.catalina.core.ApplicationFilterChain.internalDoFilter(ApplicationFilterChain.java:164) ~[tomcat-embed-core-10.1.30.jar:10.1.30]
	at org.apache.catalina.core.ApplicationFilterChain.doFilter(ApplicationFilterChain.java:140) ~[tomcat-embed-core-10.1.30.jar:10.1.30]
	at org.springframework.web.filter.RequestContextFilter.doFilterInternal(RequestContextFilter.java:100) ~[spring-web-6.1.13.jar:6.1.13]
	at org.springframework.web.filter.OncePerRequestFilter.doFilter(OncePerRequestFilter.java:116) ~[spring-web-6.1.13.jar:6.1.13]
	at org.apache.catalina.core.ApplicationFilterChain.internalDoFilter(ApplicationFilterChain.java:164) ~[tomcat-embed-core-10.1.30.jar:10.1.30]
	at org.apache.catalina.core.ApplicationFilterChain.doFilter(ApplicationFilterChain.java:140) ~[tomcat-embed-core-10.1.30.jar:10.1.30]
	at org.springframework.web.filter.FormContentFilter.doFilterInternal(FormContentFilter.java:93) ~[spring-web-6.1.13.jar:6.1.13]
	at org.springframework.web.filter.OncePerRequestFilter.doFilter(OncePerRequestFilter.java:116) ~[spring-web-6.1.13.jar:6.1.13]
	at org.apache.catalina.core.ApplicationFilterChain.internalDoFilter(ApplicationFilterChain.java:164) ~[tomcat-embed-core-10.1.30.jar:10.1.30]
	at org.apache.catalina.core.ApplicationFilterChain.doFilter(ApplicationFilterChain.java:140) ~[tomcat-embed-core-10.1.30.jar:10.1.30]
	at org.springframework.web.filter.CharacterEncodingFilter.doFilterInternal(CharacterEncodingFilter.java:201) ~[spring-web-6.1.13.jar:6.1.13]
	at org.springframework.web.filter.OncePerRequestFilter.doFilter(OncePerRequestFilter.java:116) ~[spring-web-6.1.13.jar:6.1.13]
	at org.apache.catalina.core.ApplicationFilterChain.internalDoFilter(ApplicationFilterChain.java:164) ~[tomcat-embed-core-10.1.30.jar:10.1.30]
	at org.apache.catalina.core.ApplicationFilterChain.doFilter(ApplicationFilterChain.java:140) ~[tomcat-embed-core-10.1.30.jar:10.1.30]
	at org.apache.catalina.core.StandardWrapperValve.invoke(StandardWrapperValve.java:167) ~[tomcat-embed-core-10.1.30.jar:10.1.30]
	at org.apache.catalina.core.StandardContextValve.invoke(StandardContextValve.java:90) ~[tomcat-embed-core-10.1.30.jar:10.1.30]
	at org.apache.catalina.authenticator.AuthenticatorBase.invoke(AuthenticatorBase.java:483) ~[tomcat-embed-core-10.1.30.jar:10.1.30]
	at org.apache.catalina.core.StandardHostValve.invoke(StandardHostValve.java:115) ~[tomcat-embed-core-10.1.30.jar:10.1.30]
	at org.apache.catalina.valves.ErrorReportValve.invoke(ErrorReportValve.java:93) ~[tomcat-embed-core-10.1.30.jar:10.1.30]
	at org.apache.catalina.core.StandardEngineValve.invoke(StandardEngineValve.java:74) ~[tomcat-embed-core-10.1.30.jar:10.1.30]
	at org.apache.catalina.connector.CoyoteAdapter.service(CoyoteAdapter.java:344) ~[tomcat-embed-core-10.1.30.jar:10.1.30]
	at org.apache.coyote.http11.Http11Processor.service(Http11Processor.java:384) ~[tomcat-embed-core-10.1.30.jar:10.1.30]
	at org.apache.coyote.AbstractProcessorLight.process(AbstractProcessorLight.java:63) ~[tomcat-embed-core-10.1.30.jar:10.1.30]
	at org.apache.coyote.AbstractProtocol$ConnectionHandler.process(AbstractProtocol.java:905) ~[tomcat-embed-core-10.1.30.jar:10.1.30]
	at org.apache.tomcat.util.net.NioEndpoint$SocketProcessor.doRun(NioEndpoint.java:1741) ~[tomcat-embed-core-10.1.30.jar:10.1.30]
	at org.apache.tomcat.util.net.SocketProcessorBase.run(SocketProcessorBase.java:52) ~[tomcat-embed-core-10.1.30.jar:10.1.30]
	at org.apache.tomcat.util.threads.ThreadPoolExecutor.runWorker(ThreadPoolExecutor.java:1190) ~[tomcat-embed-core-10.1.30.jar:10.1.30]
	at org.apache.tomcat.util.threads.ThreadPoolExecutor$Worker.run(ThreadPoolExecutor.java:659) ~[tomcat-embed-core-10.1.30.jar:10.1.30]
	at org.apache.tomcat.util.threads.TaskThread$WrappingRunnable.run(TaskThread.java:63) ~[tomcat-embed-core-10.1.30.jar:10.1.30]
	at java.base/java.lang.Thread.run(Thread.java:842) ~[na:na]

14:42:13:694 ERROR 24220 --- [chat-service] [http-nio-8086-exec-4] c.u.c.exception.GlobalExceptionHandler   : 系统异常

org.springframework.web.servlet.resource.NoResourceFoundException: No static resource /favicon.ico.
	at org.springframework.web.servlet.resource.ResourceHttpRequestHandler.handleRequest(ResourceHttpRequestHandler.java:585) ~[spring-webmvc-6.1.13.jar:6.1.13]
	at org.springframework.web.servlet.mvc.HttpRequestHandlerAdapter.handle(HttpRequestHandlerAdapter.java:52) ~[spring-webmvc-6.1.13.jar:6.1.13]
	at org.springframework.web.servlet.DispatcherServlet.doDispatch(DispatcherServlet.java:1089) ~[spring-webmvc-6.1.13.jar:6.1.13]
	at org.springframework.web.servlet.DispatcherServlet.doService(DispatcherServlet.java:979) ~[spring-webmvc-6.1.13.jar:6.1.13]
	at org.springframework.web.servlet.FrameworkServlet.processRequest(FrameworkServlet.java:1014) ~[spring-webmvc-6.1.13.jar:6.1.13]
	at org.springframework.web.servlet.FrameworkServlet.doGet(FrameworkServlet.java:903) ~[spring-webmvc-6.1.13.jar:6.1.13]
	at jakarta.servlet.http.HttpServlet.service(HttpServlet.java:564) ~[tomcat-embed-core-10.1.30.jar:6.0]
	at org.springframework.web.servlet.FrameworkServlet.service(FrameworkServlet.java:885) ~[spring-webmvc-6.1.13.jar:6.1.13]
	at jakarta.servlet.http.HttpServlet.service(HttpServlet.java:658) ~[tomcat-embed-core-10.1.30.jar:6.0]
	at org.apache.catalina.core.ApplicationFilterChain.internalDoFilter(ApplicationFilterChain.java:195) ~[tomcat-embed-core-10.1.30.jar:10.1.30]
	at org.apache.catalina.core.ApplicationFilterChain.doFilter(ApplicationFilterChain.java:140) ~[tomcat-embed-core-10.1.30.jar:10.1.30]
	at org.apache.tomcat.websocket.server.WsFilter.doFilter(WsFilter.java:51) ~[tomcat-embed-websocket-10.1.30.jar:10.1.30]
	at org.apache.catalina.core.ApplicationFilterChain.internalDoFilter(ApplicationFilterChain.java:164) ~[tomcat-embed-core-10.1.30.jar:10.1.30]
	at org.apache.catalina.core.ApplicationFilterChain.doFilter(ApplicationFilterChain.java:140) ~[tomcat-embed-core-10.1.30.jar:10.1.30]
	at org.springframework.web.filter.RequestContextFilter.doFilterInternal(RequestContextFilter.java:100) ~[spring-web-6.1.13.jar:6.1.13]
	at org.springframework.web.filter.OncePerRequestFilter.doFilter(OncePerRequestFilter.java:116) ~[spring-web-6.1.13.jar:6.1.13]
	at org.apache.catalina.core.ApplicationFilterChain.internalDoFilter(ApplicationFilterChain.java:164) ~[tomcat-embed-core-10.1.30.jar:10.1.30]
	at org.apache.catalina.core.ApplicationFilterChain.doFilter(ApplicationFilterChain.java:140) ~[tomcat-embed-core-10.1.30.jar:10.1.30]
	at org.springframework.web.filter.FormContentFilter.doFilterInternal(FormContentFilter.java:93) ~[spring-web-6.1.13.jar:6.1.13]
	at org.springframework.web.filter.OncePerRequestFilter.doFilter(OncePerRequestFilter.java:116) ~[spring-web-6.1.13.jar:6.1.13]
	at org.apache.catalina.core.ApplicationFilterChain.internalDoFilter(ApplicationFilterChain.java:164) ~[tomcat-embed-core-10.1.30.jar:10.1.30]
	at org.apache.catalina.core.ApplicationFilterChain.doFilter(ApplicationFilterChain.java:140) ~[tomcat-embed-core-10.1.30.jar:10.1.30]
	at org.springframework.web.filter.CharacterEncodingFilter.doFilterInternal(CharacterEncodingFilter.java:201) ~[spring-web-6.1.13.jar:6.1.13]
	at org.springframework.web.filter.OncePerRequestFilter.doFilter(OncePerRequestFilter.java:116) ~[spring-web-6.1.13.jar:6.1.13]
	at org.apache.catalina.core.ApplicationFilterChain.internalDoFilter(ApplicationFilterChain.java:164) ~[tomcat-embed-core-10.1.30.jar:10.1.30]
	at org.apache.catalina.core.ApplicationFilterChain.doFilter(ApplicationFilterChain.java:140) ~[tomcat-embed-core-10.1.30.jar:10.1.30]
	at org.apache.catalina.core.StandardWrapperValve.invoke(StandardWrapperValve.java:167) ~[tomcat-embed-core-10.1.30.jar:10.1.30]
	at org.apache.catalina.core.StandardContextValve.invoke(StandardContextValve.java:90) ~[tomcat-embed-core-10.1.30.jar:10.1.30]
	at org.apache.catalina.authenticator.AuthenticatorBase.invoke(AuthenticatorBase.java:483) ~[tomcat-embed-core-10.1.30.jar:10.1.30]
	at org.apache.catalina.core.StandardHostValve.invoke(StandardHostValve.java:115) ~[tomcat-embed-core-10.1.30.jar:10.1.30]
	at org.apache.catalina.valves.ErrorReportValve.invoke(ErrorReportValve.java:93) ~[tomcat-embed-core-10.1.30.jar:10.1.30]
	at org.apache.catalina.core.StandardEngineValve.invoke(StandardEngineValve.java:74) ~[tomcat-embed-core-10.1.30.jar:10.1.30]
	at org.apache.catalina.connector.CoyoteAdapter.service(CoyoteAdapter.java:344) ~[tomcat-embed-core-10.1.30.jar:10.1.30]
	at org.apache.coyote.http11.Http11Processor.service(Http11Processor.java:384) ~[tomcat-embed-core-10.1.30.jar:10.1.30]
	at org.apache.coyote.AbstractProcessorLight.process(AbstractProcessorLight.java:63) ~[tomcat-embed-core-10.1.30.jar:10.1.30]
	at org.apache.coyote.AbstractProtocol$ConnectionHandler.process(AbstractProtocol.java:905) ~[tomcat-embed-core-10.1.30.jar:10.1.30]
	at org.apache.tomcat.util.net.NioEndpoint$SocketProcessor.doRun(NioEndpoint.java:1741) ~[tomcat-embed-core-10.1.30.jar:10.1.30]
	at org.apache.tomcat.util.net.SocketProcessorBase.run(SocketProcessorBase.java:52) ~[tomcat-embed-core-10.1.30.jar:10.1.30]
	at org.apache.tomcat.util.threads.ThreadPoolExecutor.runWorker(ThreadPoolExecutor.java:1190) ~[tomcat-embed-core-10.1.30.jar:10.1.30]
	at org.apache.tomcat.util.threads.ThreadPoolExecutor$Worker.run(ThreadPoolExecutor.java:659) ~[tomcat-embed-core-10.1.30.jar:10.1.30]
	at org.apache.tomcat.util.threads.TaskThread$WrappingRunnable.run(TaskThread.java:63) ~[tomcat-embed-core-10.1.30.jar:10.1.30]
	at java.base/java.lang.Thread.run(Thread.java:842) ~[na:na]

14:45:49:572  WARN 24220 --- [chat-service] [Thread-1] c.a.n.common.http.HttpClientBeanHolder   : [HttpClientBeanHolder] Start destroying common HttpClient
14:45:49:572  WARN 24220 --- [chat-service] [Thread-3] c.a.nacos.common.notify.NotifyCenter     : [NotifyCenter] Start destroying Publisher
14:45:49:573  WARN 24220 --- [chat-service] [Thread-3] c.a.nacos.common.notify.NotifyCenter     : [NotifyCenter] Destruction of the end
14:45:49:573  WARN 24220 --- [chat-service] [Thread-1] c.a.n.common.http.HttpClientBeanHolder   : [HttpClientBeanHolder] Destruction of the end
14:45:49:765  INFO 24220 --- [chat-service] [SpringApplicationShutdownHook] c.a.c.n.registry.NacosServiceRegistry    : De-registering from Nacos Server now...
14:45:49:765  INFO 24220 --- [chat-service] [SpringApplicationShutdownHook] com.alibaba.nacos.client.naming          : [DEREGISTER-SERVICE] public deregistering service chat-service with instance: Instance{instanceId='null', ip='192.168.150.1', port=8086, weight=1.0, healthy=true, enabled=true, ephemeral=true, clusterName='DEFAULT', serviceName='null', metadata={}}
14:45:49:769  INFO 24220 --- [chat-service] [SpringApplicationShutdownHook] c.a.c.n.registry.NacosServiceRegistry    : De-registration finished.
14:45:49:770  INFO 24220 --- [chat-service] [SpringApplicationShutdownHook] com.alibaba.nacos.client.naming          : com.alibaba.nacos.client.naming.cache.ServiceInfoHolder do shutdown begin
14:45:49:770  INFO 24220 --- [chat-service] [SpringApplicationShutdownHook] com.alibaba.nacos.client.naming          : com.alibaba.nacos.client.naming.backups.FailoverReactor do shutdown begin
14:45:49:770  INFO 24220 --- [chat-service] [SpringApplicationShutdownHook] com.alibaba.nacos.client.naming          : com.alibaba.nacos.client.naming.backups.FailoverReactor do shutdown stop
14:45:49:770  INFO 24220 --- [chat-service] [SpringApplicationShutdownHook] com.alibaba.nacos.client.naming          : com.alibaba.nacos.client.naming.cache.ServiceInfoHolder do shutdown stop
14:45:49:770  INFO 24220 --- [chat-service] [SpringApplicationShutdownHook] com.alibaba.nacos.client.naming          : com.alibaba.nacos.client.naming.remote.NamingClientProxyDelegate do shutdown begin
14:45:49:770  INFO 24220 --- [chat-service] [SpringApplicationShutdownHook] com.alibaba.nacos.client.naming          : com.alibaba.nacos.client.naming.core.ServiceInfoUpdateService do shutdown begin
14:45:49:770  INFO 24220 --- [chat-service] [SpringApplicationShutdownHook] com.alibaba.nacos.client.naming          : com.alibaba.nacos.client.naming.core.ServiceInfoUpdateService do shutdown stop
14:45:49:770  INFO 24220 --- [chat-service] [SpringApplicationShutdownHook] com.alibaba.nacos.client.naming          : com.alibaba.nacos.client.naming.core.ServerListManager do shutdown begin
14:45:49:770  WARN 24220 --- [chat-service] [SpringApplicationShutdownHook] com.alibaba.nacos.client.naming          : [NamingHttpClientManager] Start destroying NacosRestTemplate
14:45:49:771  WARN 24220 --- [chat-service] [SpringApplicationShutdownHook] com.alibaba.nacos.client.naming          : [NamingHttpClientManager] Destruction of the end
14:45:49:771  INFO 24220 --- [chat-service] [SpringApplicationShutdownHook] com.alibaba.nacos.client.naming          : com.alibaba.nacos.client.naming.core.ServerListManager do shutdown stop
14:45:49:771  INFO 24220 --- [chat-service] [SpringApplicationShutdownHook] com.alibaba.nacos.client.naming          : com.alibaba.nacos.client.naming.remote.http.NamingHttpClientProxy do shutdown begin
14:45:49:771  WARN 24220 --- [chat-service] [SpringApplicationShutdownHook] com.alibaba.nacos.client.naming          : [NamingHttpClientManager] Start destroying NacosRestTemplate
14:45:49:771  WARN 24220 --- [chat-service] [SpringApplicationShutdownHook] com.alibaba.nacos.client.naming          : [NamingHttpClientManager] Destruction of the end
14:45:49:771  INFO 24220 --- [chat-service] [SpringApplicationShutdownHook] com.alibaba.nacos.client.naming          : com.alibaba.nacos.client.naming.remote.http.NamingHttpClientProxy do shutdown stop
14:45:49:771  INFO 24220 --- [chat-service] [SpringApplicationShutdownHook] com.alibaba.nacos.client.naming          : Shutdown naming grpc client proxy for  uuid->423d7f0e-23b1-41a3-a047-bc23c1414f71
14:45:49:771  INFO 24220 --- [chat-service] [SpringApplicationShutdownHook] com.alibaba.nacos.client.naming          : Shutdown grpc redo service executor java.util.concurrent.ScheduledThreadPoolExecutor@2ca388a2[Running, pool size = 1, active threads = 0, queued tasks = 1, completed tasks = 106]
14:45:49:771  INFO 24220 --- [chat-service] [SpringApplicationShutdownHook] com.alibaba.nacos.common.remote.client   : Shutdown rpc client, set status to shutdown
14:45:49:771  INFO 24220 --- [chat-service] [SpringApplicationShutdownHook] com.alibaba.nacos.common.remote.client   : Shutdown client event executor java.util.concurrent.ScheduledThreadPoolExecutor@e34b406[Running, pool size = 2, active threads = 2, queued tasks = 0, completed tasks = 0]
14:45:49:771  INFO 24220 --- [chat-service] [SpringApplicationShutdownHook] com.alibaba.nacos.common.remote.client   : Close current connection 1779864029076_192.168.150.1_50115
14:45:49:775  INFO 24220 --- [chat-service] [nacos-grpc-client-executor-192.168.150.101-68] c.a.n.c.remote.client.grpc.GrpcClient    : [1779864029076_192.168.150.1_50115]Ignore complete event,isRunning:false,isAbandon=false
14:45:49:779  INFO 24220 --- [chat-service] [SpringApplicationShutdownHook] c.a.n.c.remote.client.grpc.GrpcClient    : Shutdown grpc executor java.util.concurrent.ThreadPoolExecutor@723980ec[Running, pool size = 4, active threads = 0, queued tasks = 0, completed tasks = 70]
14:45:49:779  INFO 24220 --- [chat-service] [SpringApplicationShutdownHook] com.alibaba.nacos.client.naming          : shutdown and remove naming rpc client  for uuid ->423d7f0e-23b1-41a3-a047-bc23c1414f71
14:45:49:780  INFO 24220 --- [chat-service] [SpringApplicationShutdownHook] c.a.n.c.a.r.identify.CredentialWatcher   : [null] CredentialWatcher is stopped
14:45:49:780  INFO 24220 --- [chat-service] [SpringApplicationShutdownHook] c.a.n.c.a.r.identify.CredentialService   : [null] CredentialService is freed
14:45:49:780  INFO 24220 --- [chat-service] [SpringApplicationShutdownHook] com.alibaba.nacos.client.naming          : com.alibaba.nacos.client.naming.remote.NamingClientProxyDelegate do shutdown stop
14:47:13:474  INFO 940 --- [chat-service] [main] com.u.chat.ChatServiceApplication        : Starting ChatServiceApplication using Java 17.0.17 with PID 940 (E:\T\u-trade\chat-service\target\classes started by zhao in E:\T\u-trade)
14:47:13:476  INFO 940 --- [chat-service] [main] com.u.chat.ChatServiceApplication        : No active profile set, falling back to 1 default profile: "default"
14:47:13:511  INFO 940 --- [chat-service] [main] c.a.c.n.c.NacosConfigDataLoader          : [Nacos Config] Load config[dataId=shared-application.yml, group=DEFAULT_GROUP] success
14:47:14:164  INFO 940 --- [chat-service] [main] .s.d.r.c.RepositoryConfigurationDelegate : Multiple Spring Data modules found, entering strict repository configuration mode
14:47:14:167  INFO 940 --- [chat-service] [main] .s.d.r.c.RepositoryConfigurationDelegate : Bootstrapping Spring Data Redis repositories in DEFAULT mode.
14:47:14:193  INFO 940 --- [chat-service] [main] .s.d.r.c.RepositoryConfigurationDelegate : Finished Spring Data repository scanning in 14 ms. Found 0 Redis repository interfaces.
14:47:14:371  INFO 940 --- [chat-service] [main] o.s.cloud.context.scope.GenericScope     : BeanFactory id=048a3146-7fc6-33a8-9174-803c62f070e5
14:47:14:728  INFO 940 --- [chat-service] [main] o.s.b.w.embedded.tomcat.TomcatWebServer  : Tomcat initialized with port 8086 (http)
14:47:14:740  INFO 940 --- [chat-service] [main] o.apache.catalina.core.StandardService   : Starting service [Tomcat]
14:47:14:741  INFO 940 --- [chat-service] [main] o.apache.catalina.core.StandardEngine    : Starting Servlet engine: [Apache Tomcat/10.1.30]
14:47:14:802  INFO 940 --- [chat-service] [main] o.a.c.c.C.[Tomcat].[localhost].[/]       : Initializing Spring embedded WebApplicationContext
14:47:14:803  INFO 940 --- [chat-service] [main] w.s.c.ServletWebServerApplicationContext : Root WebApplicationContext: initialization completed in 1291 ms
14:47:15:598  INFO 940 --- [chat-service] [main] com.u.chat.config.WebMvcConfiguration    : 开始注册自定义拦截器...
14:47:16:830  INFO 940 --- [chat-service] [main] o.s.cloud.commons.util.InetUtils         : Cannot determine local hostname
14:47:18:246  INFO 940 --- [chat-service] [main] o.s.cloud.commons.util.InetUtils         : Cannot determine local hostname
14:47:18:289  INFO 940 --- [chat-service] [main] o.s.b.w.embedded.tomcat.TomcatWebServer  : Tomcat started on port 8086 (http) with context path '/'
14:47:18:293  INFO 940 --- [chat-service] [main] com.alibaba.nacos.client.naming          : initializer namespace from ans.namespace attribute : null
14:47:18:295  INFO 940 --- [chat-service] [main] com.alibaba.nacos.client.naming          : initializer namespace from ALIBABA_ALIWARE_NAMESPACE attribute :null
14:47:18:295  INFO 940 --- [chat-service] [main] com.alibaba.nacos.client.naming          : initializer namespace from namespace attribute :null
14:47:18:301  INFO 940 --- [chat-service] [main] com.alibaba.nacos.client.naming          : FailoverDataSource type is class com.alibaba.nacos.client.naming.backups.datasource.DiskFailoverDataSource
14:47:18:303  INFO 940 --- [chat-service] [main] c.a.n.p.a.s.c.ClientAuthPluginManager    : [ClientAuthPluginManager] Load ClientAuthService com.alibaba.nacos.client.auth.impl.NacosClientAuthServiceImpl success.
14:47:18:304  INFO 940 --- [chat-service] [main] c.a.n.p.a.s.c.ClientAuthPluginManager    : [ClientAuthPluginManager] Load ClientAuthService com.alibaba.nacos.client.auth.ram.RamClientAuthServiceImpl success.
14:47:18:306  INFO 940 --- [chat-service] [main] com.alibaba.nacos.common.remote.client   : [RpcClientFactory] create a new rpc client of 83c3c8c8-0f23-4861-81ec-ad630ac860fa
14:47:18:307  INFO 940 --- [chat-service] [main] com.alibaba.nacos.client.naming          : Create naming rpc client for uuid->83c3c8c8-0f23-4861-81ec-ad630ac860fa
14:47:18:307  INFO 940 --- [chat-service] [main] com.alibaba.nacos.common.remote.client   : [83c3c8c8-0f23-4861-81ec-ad630ac860fa] RpcClient init, ServerListFactory = com.alibaba.nacos.client.naming.core.ServerListManager
14:47:18:307  INFO 940 --- [chat-service] [main] com.alibaba.nacos.common.remote.client   : [83c3c8c8-0f23-4861-81ec-ad630ac860fa] Registry connection listener to current client:com.alibaba.nacos.client.naming.remote.gprc.redo.NamingGrpcRedoService
14:47:18:308  INFO 940 --- [chat-service] [main] com.alibaba.nacos.common.remote.client   : [83c3c8c8-0f23-4861-81ec-ad630ac860fa] Register server push request handler:com.alibaba.nacos.client.naming.remote.gprc.NamingPushRequestHandler
14:47:18:308  INFO 940 --- [chat-service] [main] com.alibaba.nacos.common.remote.client   : [83c3c8c8-0f23-4861-81ec-ad630ac860fa] Try to connect to server on start up, server: {serverIp = '192.168.150.101', server main port = 8848}
14:47:18:308  INFO 940 --- [chat-service] [main] c.a.n.c.remote.client.grpc.GrpcClient    : grpc client connection server:192.168.150.101 ip,serverPort:9848,grpcTslConfig:{"sslProvider":"","enableTls":false,"mutualAuthEnable":false,"trustAll":false}
14:47:18:432  INFO 940 --- [chat-service] [main] com.alibaba.nacos.common.remote.client   : [83c3c8c8-0f23-4861-81ec-ad630ac860fa] Success to connect to server [192.168.150.101:8848] on start up, connectionId = 1779864438698_192.168.150.1_50396
14:47:18:432  INFO 940 --- [chat-service] [main] com.alibaba.nacos.common.remote.client   : [83c3c8c8-0f23-4861-81ec-ad630ac860fa] Register server push request handler:com.alibaba.nacos.common.remote.client.RpcClient$ConnectResetRequestHandler
14:47:18:432  INFO 940 --- [chat-service] [com.alibaba.nacos.client.remote.worker.0] com.alibaba.nacos.common.remote.client   : [83c3c8c8-0f23-4861-81ec-ad630ac860fa] Notify connected event to listeners.
14:47:18:432  INFO 940 --- [chat-service] [main] com.alibaba.nacos.common.remote.client   : [83c3c8c8-0f23-4861-81ec-ad630ac860fa] Register server push request handler:com.alibaba.nacos.common.remote.client.RpcClient$$Lambda$355/0x0000021c013b7750
14:47:18:432  INFO 940 --- [chat-service] [com.alibaba.nacos.client.remote.worker.0] com.alibaba.nacos.client.naming          : Grpc connection connect
14:47:18:433  INFO 940 --- [chat-service] [main] com.alibaba.nacos.client.naming          : [REGISTER-SERVICE] public registering service chat-service with instance Instance{instanceId='null', ip='192.168.150.1', port=8086, weight=1.0, healthy=true, enabled=true, ephemeral=true, clusterName='DEFAULT', serviceName='null', metadata={IPv6=null, preserved.register.source=SPRING_CLOUD}}
14:47:18:443  INFO 940 --- [chat-service] [main] c.a.c.n.registry.NacosServiceRegistry    : nacos registry, DEFAULT_GROUP chat-service 192.168.150.1:8086 register finished
14:47:19:503  INFO 940 --- [chat-service] [main] o.s.cloud.commons.util.InetUtils         : Cannot determine local hostname
14:47:19:510  INFO 940 --- [chat-service] [main] com.u.chat.ChatServiceApplication        : Started ChatServiceApplication in 8.396 seconds (process running for 8.899)
14:47:19:514  INFO 940 --- [chat-service] [main] c.a.nacos.client.config.impl.CacheData   : config listener notify warn timeout millis use default 60000 millis 
14:47:19:514  INFO 940 --- [chat-service] [main] c.a.nacos.client.config.impl.CacheData   : nacos.cache.data.init.snapshot = true 
14:47:19:515  INFO 940 --- [chat-service] [main] c.a.n.client.config.impl.ClientWorker    : [fixed-192.168.150.101_8848] [subscribe] shared-application.yml+DEFAULT_GROUP
14:47:19:520  INFO 940 --- [chat-service] [main] c.a.nacos.client.config.impl.CacheData   : [fixed-192.168.150.101_8848] [add-listener] ok, tenant=, dataId=shared-application.yml, group=DEFAULT_GROUP, cnt=1
14:47:19:520  INFO 940 --- [chat-service] [main] c.a.c.n.refresh.NacosContextRefresher    : [Nacos Config] Listening config: dataId=shared-application.yml, group=DEFAULT_GROUP
14:50:16:409  INFO 940 --- [chat-service] [http-nio-8086-exec-1] o.a.c.c.C.[Tomcat].[localhost].[/]       : Initializing Spring DispatcherServlet 'dispatcherServlet'
14:50:16:409  INFO 940 --- [chat-service] [http-nio-8086-exec-1] o.s.web.servlet.DispatcherServlet        : Initializing Servlet 'dispatcherServlet'
14:50:16:410  INFO 940 --- [chat-service] [http-nio-8086-exec-1] o.s.web.servlet.DispatcherServlet        : Completed initialization in 1 ms
14:50:16:471  INFO 940 --- [chat-service] [http-nio-8086-exec-1] c.u.c.websocket.WebSocketSessionManager  : 本地 session 注册成功 userId=3, sessionId=c3b627a3-c0a3-eb5b-1686-afeb6c42e3c8
14:54:29:383  INFO 940 --- [chat-service] [http-nio-8086-exec-3] c.u.chat.websocket.LocalMessageRouter    : 接收方 2 不在本节点，消息 8a4e45e7-4956-4d3d-b9ab-79a05a1c8b4b 暂未本地投递
14:54:33:507  INFO 940 --- [chat-service] [http-nio-8086-exec-2] c.u.chat.websocket.LocalMessageRouter    : 接收方 2 不在本节点，消息 2cbb493c-e5af-49fd-b70f-abcfc929a203 暂未本地投递
14:54:42:507  INFO 940 --- [chat-service] [http-nio-8086-exec-6] c.u.chat.websocket.LocalMessageRouter    : 接收方 2 不在本节点，消息 96a0c677-6cf4-48a9-9963-e6b9b71b4814 暂未本地投递
14:56:10:115  INFO 940 --- [chat-service] [http-nio-8086-exec-4] c.u.c.websocket.WebSocketSessionManager  : 本地 session 注册成功 userId=2, sessionId=dba5241c-4c47-c0f2-7f31-c6fc3bfd7b05
14:56:30:072  INFO 940 --- [chat-service] [http-nio-8086-exec-9] c.u.c.websocket.WebSocketSessionManager  : 本地 session 清理成功 userId=2, sessionId=dba5241c-4c47-c0f2-7f31-c6fc3bfd7b05
14:56:35:426  INFO 940 --- [chat-service] [http-nio-8086-exec-7] c.u.c.websocket.WebSocketSessionManager  : 本地 session 清理成功 userId=3, sessionId=c3b627a3-c0a3-eb5b-1686-afeb6c42e3c8
14:56:40:194  INFO 940 --- [chat-service] [http-nio-8086-exec-8] c.u.c.websocket.WebSocketSessionManager  : 本地 session 注册成功 userId=3, sessionId=e49770b2-e1cf-a3fa-7792-6369893a2a92
14:56:41:654  INFO 940 --- [chat-service] [http-nio-8086-exec-5] c.u.c.websocket.WebSocketSessionManager  : 本地 session 注册成功 userId=4, sessionId=246a7761-4cd2-98b9-43a4-630fba7e084e
14:59:28:512 ERROR 940 --- [chat-service] [http-nio-8086-exec-4] c.u.c.exception.GlobalExceptionHandler   : 系统异常

org.springframework.web.servlet.resource.NoResourceFoundException: No static resource /favicon.ico.
	at org.springframework.web.servlet.resource.ResourceHttpRequestHandler.handleRequest(ResourceHttpRequestHandler.java:585) ~[spring-webmvc-6.1.13.jar:6.1.13]
	at org.springframework.web.servlet.mvc.HttpRequestHandlerAdapter.handle(HttpRequestHandlerAdapter.java:52) ~[spring-webmvc-6.1.13.jar:6.1.13]
	at org.springframework.web.servlet.DispatcherServlet.doDispatch(DispatcherServlet.java:1089) ~[spring-webmvc-6.1.13.jar:6.1.13]
	at org.springframework.web.servlet.DispatcherServlet.doService(DispatcherServlet.java:979) ~[spring-webmvc-6.1.13.jar:6.1.13]
	at org.springframework.web.servlet.FrameworkServlet.processRequest(FrameworkServlet.java:1014) ~[spring-webmvc-6.1.13.jar:6.1.13]
	at org.springframework.web.servlet.FrameworkServlet.doGet(FrameworkServlet.java:903) ~[spring-webmvc-6.1.13.jar:6.1.13]
	at jakarta.servlet.http.HttpServlet.service(HttpServlet.java:564) ~[tomcat-embed-core-10.1.30.jar:6.0]
	at org.springframework.web.servlet.FrameworkServlet.service(FrameworkServlet.java:885) ~[spring-webmvc-6.1.13.jar:6.1.13]
	at jakarta.servlet.http.HttpServlet.service(HttpServlet.java:658) ~[tomcat-embed-core-10.1.30.jar:6.0]
	at org.apache.catalina.core.ApplicationFilterChain.internalDoFilter(ApplicationFilterChain.java:195) ~[tomcat-embed-core-10.1.30.jar:10.1.30]
	at org.apache.catalina.core.ApplicationFilterChain.doFilter(ApplicationFilterChain.java:140) ~[tomcat-embed-core-10.1.30.jar:10.1.30]
	at org.apache.tomcat.websocket.server.WsFilter.doFilter(WsFilter.java:51) ~[tomcat-embed-websocket-10.1.30.jar:10.1.30]
	at org.apache.catalina.core.ApplicationFilterChain.internalDoFilter(ApplicationFilterChain.java:164) ~[tomcat-embed-core-10.1.30.jar:10.1.30]
	at org.apache.catalina.core.ApplicationFilterChain.doFilter(ApplicationFilterChain.java:140) ~[tomcat-embed-core-10.1.30.jar:10.1.30]
	at org.springframework.web.filter.RequestContextFilter.doFilterInternal(RequestContextFilter.java:100) ~[spring-web-6.1.13.jar:6.1.13]
	at org.springframework.web.filter.OncePerRequestFilter.doFilter(OncePerRequestFilter.java:116) ~[spring-web-6.1.13.jar:6.1.13]
	at org.apache.catalina.core.ApplicationFilterChain.internalDoFilter(ApplicationFilterChain.java:164) ~[tomcat-embed-core-10.1.30.jar:10.1.30]
	at org.apache.catalina.core.ApplicationFilterChain.doFilter(ApplicationFilterChain.java:140) ~[tomcat-embed-core-10.1.30.jar:10.1.30]
	at org.springframework.web.filter.FormContentFilter.doFilterInternal(FormContentFilter.java:93) ~[spring-web-6.1.13.jar:6.1.13]
	at org.springframework.web.filter.OncePerRequestFilter.doFilter(OncePerRequestFilter.java:116) ~[spring-web-6.1.13.jar:6.1.13]
	at org.apache.catalina.core.ApplicationFilterChain.internalDoFilter(ApplicationFilterChain.java:164) ~[tomcat-embed-core-10.1.30.jar:10.1.30]
	at org.apache.catalina.core.ApplicationFilterChain.doFilter(ApplicationFilterChain.java:140) ~[tomcat-embed-core-10.1.30.jar:10.1.30]
	at org.springframework.web.filter.CharacterEncodingFilter.doFilterInternal(CharacterEncodingFilter.java:201) ~[spring-web-6.1.13.jar:6.1.13]
	at org.springframework.web.filter.OncePerRequestFilter.doFilter(OncePerRequestFilter.java:116) ~[spring-web-6.1.13.jar:6.1.13]
	at org.apache.catalina.core.ApplicationFilterChain.internalDoFilter(ApplicationFilterChain.java:164) ~[tomcat-embed-core-10.1.30.jar:10.1.30]
	at org.apache.catalina.core.ApplicationFilterChain.doFilter(ApplicationFilterChain.java:140) ~[tomcat-embed-core-10.1.30.jar:10.1.30]
	at org.apache.catalina.core.StandardWrapperValve.invoke(StandardWrapperValve.java:167) ~[tomcat-embed-core-10.1.30.jar:10.1.30]
	at org.apache.catalina.core.StandardContextValve.invoke(StandardContextValve.java:90) ~[tomcat-embed-core-10.1.30.jar:10.1.30]
	at org.apache.catalina.authenticator.AuthenticatorBase.invoke(AuthenticatorBase.java:483) ~[tomcat-embed-core-10.1.30.jar:10.1.30]
	at org.apache.catalina.core.StandardHostValve.invoke(StandardHostValve.java:115) ~[tomcat-embed-core-10.1.30.jar:10.1.30]
	at org.apache.catalina.valves.ErrorReportValve.invoke(ErrorReportValve.java:93) ~[tomcat-embed-core-10.1.30.jar:10.1.30]
	at org.apache.catalina.core.StandardEngineValve.invoke(StandardEngineValve.java:74) ~[tomcat-embed-core-10.1.30.jar:10.1.30]
	at org.apache.catalina.connector.CoyoteAdapter.service(CoyoteAdapter.java:344) ~[tomcat-embed-core-10.1.30.jar:10.1.30]
	at org.apache.coyote.http11.Http11Processor.service(Http11Processor.java:384) ~[tomcat-embed-core-10.1.30.jar:10.1.30]
	at org.apache.coyote.AbstractProcessorLight.process(AbstractProcessorLight.java:63) ~[tomcat-embed-core-10.1.30.jar:10.1.30]
	at org.apache.coyote.AbstractProtocol$ConnectionHandler.process(AbstractProtocol.java:905) ~[tomcat-embed-core-10.1.30.jar:10.1.30]
	at org.apache.tomcat.util.net.NioEndpoint$SocketProcessor.doRun(NioEndpoint.java:1741) ~[tomcat-embed-core-10.1.30.jar:10.1.30]
	at org.apache.tomcat.util.net.SocketProcessorBase.run(SocketProcessorBase.java:52) ~[tomcat-embed-core-10.1.30.jar:10.1.30]
	at org.apache.tomcat.util.threads.ThreadPoolExecutor.runWorker(ThreadPoolExecutor.java:1190) ~[tomcat-embed-core-10.1.30.jar:10.1.30]
	at org.apache.tomcat.util.threads.ThreadPoolExecutor$Worker.run(ThreadPoolExecutor.java:659) ~[tomcat-embed-core-10.1.30.jar:10.1.30]
	at org.apache.tomcat.util.threads.TaskThread$WrappingRunnable.run(TaskThread.java:63) ~[tomcat-embed-core-10.1.30.jar:10.1.30]
	at java.base/java.lang.Thread.run(Thread.java:842) ~[na:na]

15:07:08:444  INFO 940 --- [chat-service] [http-nio-8086-exec-8] c.u.c.websocket.WebSocketSessionManager  : 本地 session 清理成功 userId=4, sessionId=246a7761-4cd2-98b9-43a4-630fba7e084e
15:07:08:444  INFO 940 --- [chat-service] [http-nio-8086-exec-8] c.u.c.websocket.WebSocketSessionManager  : 用户 4 建立新连接，关闭旧连接 sessionId=246a7761-4cd2-98b9-43a4-630fba7e084e
15:07:08:445  INFO 940 --- [chat-service] [http-nio-8086-exec-8] c.u.c.websocket.WebSocketSessionManager  : 本地 session 注册成功 userId=4, sessionId=f8619944-2cff-12e4-9a06-0a8a57f8e3c7
15:07:11:036  INFO 940 --- [chat-service] [http-nio-8086-exec-1] c.u.c.websocket.WebSocketSessionManager  : 本地 session 清理成功 userId=4, sessionId=f8619944-2cff-12e4-9a06-0a8a57f8e3c7
15:07:11:052 ERROR 940 --- [chat-service] [http-nio-8086-exec-3] c.u.c.exception.GlobalExceptionHandler   : 系统异常

org.springframework.web.servlet.resource.NoResourceFoundException: No static resource /favicon.ico.
	at org.springframework.web.servlet.resource.ResourceHttpRequestHandler.handleRequest(ResourceHttpRequestHandler.java:585) ~[spring-webmvc-6.1.13.jar:6.1.13]
	at org.springframework.web.servlet.mvc.HttpRequestHandlerAdapter.handle(HttpRequestHandlerAdapter.java:52) ~[spring-webmvc-6.1.13.jar:6.1.13]
	at org.springframework.web.servlet.DispatcherServlet.doDispatch(DispatcherServlet.java:1089) ~[spring-webmvc-6.1.13.jar:6.1.13]
	at org.springframework.web.servlet.DispatcherServlet.doService(DispatcherServlet.java:979) ~[spring-webmvc-6.1.13.jar:6.1.13]
	at org.springframework.web.servlet.FrameworkServlet.processRequest(FrameworkServlet.java:1014) ~[spring-webmvc-6.1.13.jar:6.1.13]
	at org.springframework.web.servlet.FrameworkServlet.doGet(FrameworkServlet.java:903) ~[spring-webmvc-6.1.13.jar:6.1.13]
	at jakarta.servlet.http.HttpServlet.service(HttpServlet.java:564) ~[tomcat-embed-core-10.1.30.jar:6.0]
	at org.springframework.web.servlet.FrameworkServlet.service(FrameworkServlet.java:885) ~[spring-webmvc-6.1.13.jar:6.1.13]
	at jakarta.servlet.http.HttpServlet.service(HttpServlet.java:658) ~[tomcat-embed-core-10.1.30.jar:6.0]
	at org.apache.catalina.core.ApplicationFilterChain.internalDoFilter(ApplicationFilterChain.java:195) ~[tomcat-embed-core-10.1.30.jar:10.1.30]
	at org.apache.catalina.core.ApplicationFilterChain.doFilter(ApplicationFilterChain.java:140) ~[tomcat-embed-core-10.1.30.jar:10.1.30]
	at org.apache.tomcat.websocket.server.WsFilter.doFilter(WsFilter.java:51) ~[tomcat-embed-websocket-10.1.30.jar:10.1.30]
	at org.apache.catalina.core.ApplicationFilterChain.internalDoFilter(ApplicationFilterChain.java:164) ~[tomcat-embed-core-10.1.30.jar:10.1.30]
	at org.apache.catalina.core.ApplicationFilterChain.doFilter(ApplicationFilterChain.java:140) ~[tomcat-embed-core-10.1.30.jar:10.1.30]
	at org.springframework.web.filter.RequestContextFilter.doFilterInternal(RequestContextFilter.java:100) ~[spring-web-6.1.13.jar:6.1.13]
	at org.springframework.web.filter.OncePerRequestFilter.doFilter(OncePerRequestFilter.java:116) ~[spring-web-6.1.13.jar:6.1.13]
	at org.apache.catalina.core.ApplicationFilterChain.internalDoFilter(ApplicationFilterChain.java:164) ~[tomcat-embed-core-10.1.30.jar:10.1.30]
	at org.apache.catalina.core.ApplicationFilterChain.doFilter(ApplicationFilterChain.java:140) ~[tomcat-embed-core-10.1.30.jar:10.1.30]
	at org.springframework.web.filter.FormContentFilter.doFilterInternal(FormContentFilter.java:93) ~[spring-web-6.1.13.jar:6.1.13]
	at org.springframework.web.filter.OncePerRequestFilter.doFilter(OncePerRequestFilter.java:116) ~[spring-web-6.1.13.jar:6.1.13]
	at org.apache.catalina.core.ApplicationFilterChain.internalDoFilter(ApplicationFilterChain.java:164) ~[tomcat-embed-core-10.1.30.jar:10.1.30]
	at org.apache.catalina.core.ApplicationFilterChain.doFilter(ApplicationFilterChain.java:140) ~[tomcat-embed-core-10.1.30.jar:10.1.30]
	at org.springframework.web.filter.CharacterEncodingFilter.doFilterInternal(CharacterEncodingFilter.java:201) ~[spring-web-6.1.13.jar:6.1.13]
	at org.springframework.web.filter.OncePerRequestFilter.doFilter(OncePerRequestFilter.java:116) ~[spring-web-6.1.13.jar:6.1.13]
	at org.apache.catalina.core.ApplicationFilterChain.internalDoFilter(ApplicationFilterChain.java:164) ~[tomcat-embed-core-10.1.30.jar:10.1.30]
	at org.apache.catalina.core.ApplicationFilterChain.doFilter(ApplicationFilterChain.java:140) ~[tomcat-embed-core-10.1.30.jar:10.1.30]
	at org.apache.catalina.core.StandardWrapperValve.invoke(StandardWrapperValve.java:167) ~[tomcat-embed-core-10.1.30.jar:10.1.30]
	at org.apache.catalina.core.StandardContextValve.invoke(StandardContextValve.java:90) ~[tomcat-embed-core-10.1.30.jar:10.1.30]
	at org.apache.catalina.authenticator.AuthenticatorBase.invoke(AuthenticatorBase.java:483) ~[tomcat-embed-core-10.1.30.jar:10.1.30]
	at org.apache.catalina.core.StandardHostValve.invoke(StandardHostValve.java:115) ~[tomcat-embed-core-10.1.30.jar:10.1.30]
	at org.apache.catalina.valves.ErrorReportValve.invoke(ErrorReportValve.java:93) ~[tomcat-embed-core-10.1.30.jar:10.1.30]
	at org.apache.catalina.core.StandardEngineValve.invoke(StandardEngineValve.java:74) ~[tomcat-embed-core-10.1.30.jar:10.1.30]
	at org.apache.catalina.connector.CoyoteAdapter.service(CoyoteAdapter.java:344) ~[tomcat-embed-core-10.1.30.jar:10.1.30]
	at org.apache.coyote.http11.Http11Processor.service(Http11Processor.java:384) ~[tomcat-embed-core-10.1.30.jar:10.1.30]
	at org.apache.coyote.AbstractProcessorLight.process(AbstractProcessorLight.java:63) ~[tomcat-embed-core-10.1.30.jar:10.1.30]
	at org.apache.coyote.AbstractProtocol$ConnectionHandler.process(AbstractProtocol.java:905) ~[tomcat-embed-core-10.1.30.jar:10.1.30]
	at org.apache.tomcat.util.net.NioEndpoint$SocketProcessor.doRun(NioEndpoint.java:1741) ~[tomcat-embed-core-10.1.30.jar:10.1.30]
	at org.apache.tomcat.util.net.SocketProcessorBase.run(SocketProcessorBase.java:52) ~[tomcat-embed-core-10.1.30.jar:10.1.30]
	at org.apache.tomcat.util.threads.ThreadPoolExecutor.runWorker(ThreadPoolExecutor.java:1190) ~[tomcat-embed-core-10.1.30.jar:10.1.30]
	at org.apache.tomcat.util.threads.ThreadPoolExecutor$Worker.run(ThreadPoolExecutor.java:659) ~[tomcat-embed-core-10.1.30.jar:10.1.30]
	at org.apache.tomcat.util.threads.TaskThread$WrappingRunnable.run(TaskThread.java:63) ~[tomcat-embed-core-10.1.30.jar:10.1.30]
	at java.base/java.lang.Thread.run(Thread.java:842) ~[na:na]

15:07:12:473  INFO 940 --- [chat-service] [http-nio-8086-exec-2] c.u.c.websocket.WebSocketSessionManager  : 本地 session 注册成功 userId=4, sessionId=1baefd32-e844-6b38-8baa-e59d23f5b1d5
15:07:35:936 ERROR 940 --- [chat-service] [http-nio-8086-exec-7] c.u.c.exception.GlobalExceptionHandler   : 系统异常

org.springframework.web.servlet.resource.NoResourceFoundException: No static resource /favicon.ico.
	at org.springframework.web.servlet.resource.ResourceHttpRequestHandler.handleRequest(ResourceHttpRequestHandler.java:585) ~[spring-webmvc-6.1.13.jar:6.1.13]
	at org.springframework.web.servlet.mvc.HttpRequestHandlerAdapter.handle(HttpRequestHandlerAdapter.java:52) ~[spring-webmvc-6.1.13.jar:6.1.13]
	at org.springframework.web.servlet.DispatcherServlet.doDispatch(DispatcherServlet.java:1089) ~[spring-webmvc-6.1.13.jar:6.1.13]
	at org.springframework.web.servlet.DispatcherServlet.doService(DispatcherServlet.java:979) ~[spring-webmvc-6.1.13.jar:6.1.13]
	at org.springframework.web.servlet.FrameworkServlet.processRequest(FrameworkServlet.java:1014) ~[spring-webmvc-6.1.13.jar:6.1.13]
	at org.springframework.web.servlet.FrameworkServlet.doGet(FrameworkServlet.java:903) ~[spring-webmvc-6.1.13.jar:6.1.13]
	at jakarta.servlet.http.HttpServlet.service(HttpServlet.java:564) ~[tomcat-embed-core-10.1.30.jar:6.0]
	at org.springframework.web.servlet.FrameworkServlet.service(FrameworkServlet.java:885) ~[spring-webmvc-6.1.13.jar:6.1.13]
	at jakarta.servlet.http.HttpServlet.service(HttpServlet.java:658) ~[tomcat-embed-core-10.1.30.jar:6.0]
	at org.apache.catalina.core.ApplicationFilterChain.internalDoFilter(ApplicationFilterChain.java:195) ~[tomcat-embed-core-10.1.30.jar:10.1.30]
	at org.apache.catalina.core.ApplicationFilterChain.doFilter(ApplicationFilterChain.java:140) ~[tomcat-embed-core-10.1.30.jar:10.1.30]
	at org.apache.tomcat.websocket.server.WsFilter.doFilter(WsFilter.java:51) ~[tomcat-embed-websocket-10.1.30.jar:10.1.30]
	at org.apache.catalina.core.ApplicationFilterChain.internalDoFilter(ApplicationFilterChain.java:164) ~[tomcat-embed-core-10.1.30.jar:10.1.30]
	at org.apache.catalina.core.ApplicationFilterChain.doFilter(ApplicationFilterChain.java:140) ~[tomcat-embed-core-10.1.30.jar:10.1.30]
	at org.springframework.web.filter.RequestContextFilter.doFilterInternal(RequestContextFilter.java:100) ~[spring-web-6.1.13.jar:6.1.13]
	at org.springframework.web.filter.OncePerRequestFilter.doFilter(OncePerRequestFilter.java:116) ~[spring-web-6.1.13.jar:6.1.13]
	at org.apache.catalina.core.ApplicationFilterChain.internalDoFilter(ApplicationFilterChain.java:164) ~[tomcat-embed-core-10.1.30.jar:10.1.30]
	at org.apache.catalina.core.ApplicationFilterChain.doFilter(ApplicationFilterChain.java:140) ~[tomcat-embed-core-10.1.30.jar:10.1.30]
	at org.springframework.web.filter.FormContentFilter.doFilterInternal(FormContentFilter.java:93) ~[spring-web-6.1.13.jar:6.1.13]
	at org.springframework.web.filter.OncePerRequestFilter.doFilter(OncePerRequestFilter.java:116) ~[spring-web-6.1.13.jar:6.1.13]
	at org.apache.catalina.core.ApplicationFilterChain.internalDoFilter(ApplicationFilterChain.java:164) ~[tomcat-embed-core-10.1.30.jar:10.1.30]
	at org.apache.catalina.core.ApplicationFilterChain.doFilter(ApplicationFilterChain.java:140) ~[tomcat-embed-core-10.1.30.jar:10.1.30]
	at org.springframework.web.filter.CharacterEncodingFilter.doFilterInternal(CharacterEncodingFilter.java:201) ~[spring-web-6.1.13.jar:6.1.13]
	at org.springframework.web.filter.OncePerRequestFilter.doFilter(OncePerRequestFilter.java:116) ~[spring-web-6.1.13.jar:6.1.13]
	at org.apache.catalina.core.ApplicationFilterChain.internalDoFilter(ApplicationFilterChain.java:164) ~[tomcat-embed-core-10.1.30.jar:10.1.30]
	at org.apache.catalina.core.ApplicationFilterChain.doFilter(ApplicationFilterChain.java:140) ~[tomcat-embed-core-10.1.30.jar:10.1.30]
	at org.apache.catalina.core.StandardWrapperValve.invoke(StandardWrapperValve.java:167) ~[tomcat-embed-core-10.1.30.jar:10.1.30]
	at org.apache.catalina.core.StandardContextValve.invoke(StandardContextValve.java:90) ~[tomcat-embed-core-10.1.30.jar:10.1.30]
	at org.apache.catalina.authenticator.AuthenticatorBase.invoke(AuthenticatorBase.java:483) ~[tomcat-embed-core-10.1.30.jar:10.1.30]
	at org.apache.catalina.core.StandardHostValve.invoke(StandardHostValve.java:115) ~[tomcat-embed-core-10.1.30.jar:10.1.30]
	at org.apache.catalina.valves.ErrorReportValve.invoke(ErrorReportValve.java:93) ~[tomcat-embed-core-10.1.30.jar:10.1.30]
	at org.apache.catalina.core.StandardEngineValve.invoke(StandardEngineValve.java:74) ~[tomcat-embed-core-10.1.30.jar:10.1.30]
	at org.apache.catalina.connector.CoyoteAdapter.service(CoyoteAdapter.java:344) ~[tomcat-embed-core-10.1.30.jar:10.1.30]
	at org.apache.coyote.http11.Http11Processor.service(Http11Processor.java:384) ~[tomcat-embed-core-10.1.30.jar:10.1.30]
	at org.apache.coyote.AbstractProcessorLight.process(AbstractProcessorLight.java:63) ~[tomcat-embed-core-10.1.30.jar:10.1.30]
	at org.apache.coyote.AbstractProtocol$ConnectionHandler.process(AbstractProtocol.java:905) ~[tomcat-embed-core-10.1.30.jar:10.1.30]
	at org.apache.tomcat.util.net.NioEndpoint$SocketProcessor.doRun(NioEndpoint.java:1741) ~[tomcat-embed-core-10.1.30.jar:10.1.30]
	at org.apache.tomcat.util.net.SocketProcessorBase.run(SocketProcessorBase.java:52) ~[tomcat-embed-core-10.1.30.jar:10.1.30]
	at org.apache.tomcat.util.threads.ThreadPoolExecutor.runWorker(ThreadPoolExecutor.java:1190) ~[tomcat-embed-core-10.1.30.jar:10.1.30]
	at org.apache.tomcat.util.threads.ThreadPoolExecutor$Worker.run(ThreadPoolExecutor.java:659) ~[tomcat-embed-core-10.1.30.jar:10.1.30]
	at org.apache.tomcat.util.threads.TaskThread$WrappingRunnable.run(TaskThread.java:63) ~[tomcat-embed-core-10.1.30.jar:10.1.30]
	at java.base/java.lang.Thread.run(Thread.java:842) ~[na:na]

15:07:53:762  INFO 940 --- [chat-service] [http-nio-8086-exec-9] c.u.c.websocket.WebSocketSessionManager  : 本地 session 清理成功 userId=3, sessionId=e49770b2-e1cf-a3fa-7792-6369893a2a92
15:07:53:763  INFO 940 --- [chat-service] [http-nio-8086-exec-9] c.u.c.websocket.WebSocketSessionManager  : 用户 3 建立新连接，关闭旧连接 sessionId=e49770b2-e1cf-a3fa-7792-6369893a2a92
15:07:53:764  INFO 940 --- [chat-service] [http-nio-8086-exec-9] c.u.c.websocket.WebSocketSessionManager  : 本地 session 注册成功 userId=3, sessionId=2838350a-e29c-1f2c-9de9-47936b143fa5
15:08:00:942  INFO 940 --- [chat-service] [http-nio-8086-exec-10] c.u.c.websocket.WebSocketSessionManager  : 本地 session 清理成功 userId=3, sessionId=2838350a-e29c-1f2c-9de9-47936b143fa5
15:08:00:953 ERROR 940 --- [chat-service] [http-nio-8086-exec-1] c.u.c.exception.GlobalExceptionHandler   : 系统异常

org.springframework.web.servlet.resource.NoResourceFoundException: No static resource /favicon.ico.
	at org.springframework.web.servlet.resource.ResourceHttpRequestHandler.handleRequest(ResourceHttpRequestHandler.java:585) ~[spring-webmvc-6.1.13.jar:6.1.13]
	at org.springframework.web.servlet.mvc.HttpRequestHandlerAdapter.handle(HttpRequestHandlerAdapter.java:52) ~[spring-webmvc-6.1.13.jar:6.1.13]
	at org.springframework.web.servlet.DispatcherServlet.doDispatch(DispatcherServlet.java:1089) ~[spring-webmvc-6.1.13.jar:6.1.13]
	at org.springframework.web.servlet.DispatcherServlet.doService(DispatcherServlet.java:979) ~[spring-webmvc-6.1.13.jar:6.1.13]
	at org.springframework.web.servlet.FrameworkServlet.processRequest(FrameworkServlet.java:1014) ~[spring-webmvc-6.1.13.jar:6.1.13]
	at org.springframework.web.servlet.FrameworkServlet.doGet(FrameworkServlet.java:903) ~[spring-webmvc-6.1.13.jar:6.1.13]
	at jakarta.servlet.http.HttpServlet.service(HttpServlet.java:564) ~[tomcat-embed-core-10.1.30.jar:6.0]
	at org.springframework.web.servlet.FrameworkServlet.service(FrameworkServlet.java:885) ~[spring-webmvc-6.1.13.jar:6.1.13]
	at jakarta.servlet.http.HttpServlet.service(HttpServlet.java:658) ~[tomcat-embed-core-10.1.30.jar:6.0]
	at org.apache.catalina.core.ApplicationFilterChain.internalDoFilter(ApplicationFilterChain.java:195) ~[tomcat-embed-core-10.1.30.jar:10.1.30]
	at org.apache.catalina.core.ApplicationFilterChain.doFilter(ApplicationFilterChain.java:140) ~[tomcat-embed-core-10.1.30.jar:10.1.30]
	at org.apache.tomcat.websocket.server.WsFilter.doFilter(WsFilter.java:51) ~[tomcat-embed-websocket-10.1.30.jar:10.1.30]
	at org.apache.catalina.core.ApplicationFilterChain.internalDoFilter(ApplicationFilterChain.java:164) ~[tomcat-embed-core-10.1.30.jar:10.1.30]
	at org.apache.catalina.core.ApplicationFilterChain.doFilter(ApplicationFilterChain.java:140) ~[tomcat-embed-core-10.1.30.jar:10.1.30]
	at org.springframework.web.filter.RequestContextFilter.doFilterInternal(RequestContextFilter.java:100) ~[spring-web-6.1.13.jar:6.1.13]
	at org.springframework.web.filter.OncePerRequestFilter.doFilter(OncePerRequestFilter.java:116) ~[spring-web-6.1.13.jar:6.1.13]
	at org.apache.catalina.core.ApplicationFilterChain.internalDoFilter(ApplicationFilterChain.java:164) ~[tomcat-embed-core-10.1.30.jar:10.1.30]
	at org.apache.catalina.core.ApplicationFilterChain.doFilter(ApplicationFilterChain.java:140) ~[tomcat-embed-core-10.1.30.jar:10.1.30]
	at org.springframework.web.filter.FormContentFilter.doFilterInternal(FormContentFilter.java:93) ~[spring-web-6.1.13.jar:6.1.13]
	at org.springframework.web.filter.OncePerRequestFilter.doFilter(OncePerRequestFilter.java:116) ~[spring-web-6.1.13.jar:6.1.13]
	at org.apache.catalina.core.ApplicationFilterChain.internalDoFilter(ApplicationFilterChain.java:164) ~[tomcat-embed-core-10.1.30.jar:10.1.30]
	at org.apache.catalina.core.ApplicationFilterChain.doFilter(ApplicationFilterChain.java:140) ~[tomcat-embed-core-10.1.30.jar:10.1.30]
	at org.springframework.web.filter.CharacterEncodingFilter.doFilterInternal(CharacterEncodingFilter.java:201) ~[spring-web-6.1.13.jar:6.1.13]
	at org.springframework.web.filter.OncePerRequestFilter.doFilter(OncePerRequestFilter.java:116) ~[spring-web-6.1.13.jar:6.1.13]
	at org.apache.catalina.core.ApplicationFilterChain.internalDoFilter(ApplicationFilterChain.java:164) ~[tomcat-embed-core-10.1.30.jar:10.1.30]
	at org.apache.catalina.core.ApplicationFilterChain.doFilter(ApplicationFilterChain.java:140) ~[tomcat-embed-core-10.1.30.jar:10.1.30]
	at org.apache.catalina.core.StandardWrapperValve.invoke(StandardWrapperValve.java:167) ~[tomcat-embed-core-10.1.30.jar:10.1.30]
	at org.apache.catalina.core.StandardContextValve.invoke(StandardContextValve.java:90) ~[tomcat-embed-core-10.1.30.jar:10.1.30]
	at org.apache.catalina.authenticator.AuthenticatorBase.invoke(AuthenticatorBase.java:483) ~[tomcat-embed-core-10.1.30.jar:10.1.30]
	at org.apache.catalina.core.StandardHostValve.invoke(StandardHostValve.java:115) ~[tomcat-embed-core-10.1.30.jar:10.1.30]
	at org.apache.catalina.valves.ErrorReportValve.invoke(ErrorReportValve.java:93) ~[tomcat-embed-core-10.1.30.jar:10.1.30]
	at org.apache.catalina.core.StandardEngineValve.invoke(StandardEngineValve.java:74) ~[tomcat-embed-core-10.1.30.jar:10.1.30]
	at org.apache.catalina.connector.CoyoteAdapter.service(CoyoteAdapter.java:344) ~[tomcat-embed-core-10.1.30.jar:10.1.30]
	at org.apache.coyote.http11.Http11Processor.service(Http11Processor.java:384) ~[tomcat-embed-core-10.1.30.jar:10.1.30]
	at org.apache.coyote.AbstractProcessorLight.process(AbstractProcessorLight.java:63) ~[tomcat-embed-core-10.1.30.jar:10.1.30]
	at org.apache.coyote.AbstractProtocol$ConnectionHandler.process(AbstractProtocol.java:905) ~[tomcat-embed-core-10.1.30.jar:10.1.30]
	at org.apache.tomcat.util.net.NioEndpoint$SocketProcessor.doRun(NioEndpoint.java:1741) ~[tomcat-embed-core-10.1.30.jar:10.1.30]
	at org.apache.tomcat.util.net.SocketProcessorBase.run(SocketProcessorBase.java:52) ~[tomcat-embed-core-10.1.30.jar:10.1.30]
	at org.apache.tomcat.util.threads.ThreadPoolExecutor.runWorker(ThreadPoolExecutor.java:1190) ~[tomcat-embed-core-10.1.30.jar:10.1.30]
	at org.apache.tomcat.util.threads.ThreadPoolExecutor$Worker.run(ThreadPoolExecutor.java:659) ~[tomcat-embed-core-10.1.30.jar:10.1.30]
	at org.apache.tomcat.util.threads.TaskThread$WrappingRunnable.run(TaskThread.java:63) ~[tomcat-embed-core-10.1.30.jar:10.1.30]
	at java.base/java.lang.Thread.run(Thread.java:842) ~[na:na]

15:08:03:675  INFO 940 --- [chat-service] [http-nio-8086-exec-3] c.u.c.websocket.WebSocketSessionManager  : 本地 session 注册成功 userId=3, sessionId=5d8a7a6d-ecf7-258b-376b-f31fa2caee8d
15:08:39:310  WARN 940 --- [chat-service] [Thread-3] c.a.nacos.common.notify.NotifyCenter     : [NotifyCenter] Start destroying Publisher
15:08:39:310  WARN 940 --- [chat-service] [Thread-1] c.a.n.common.http.HttpClientBeanHolder   : [HttpClientBeanHolder] Start destroying common HttpClient
15:08:39:311  WARN 940 --- [chat-service] [Thread-3] c.a.nacos.common.notify.NotifyCenter     : [NotifyCenter] Destruction of the end
15:08:39:311  WARN 940 --- [chat-service] [Thread-1] c.a.n.common.http.HttpClientBeanHolder   : [HttpClientBeanHolder] Destruction of the end
15:08:39:436  INFO 940 --- [chat-service] [SpringApplicationShutdownHook] c.a.c.n.registry.NacosServiceRegistry    : De-registering from Nacos Server now...
15:08:39:436  INFO 940 --- [chat-service] [SpringApplicationShutdownHook] com.alibaba.nacos.client.naming          : [DEREGISTER-SERVICE] public deregistering service chat-service with instance: Instance{instanceId='null', ip='192.168.150.1', port=8086, weight=1.0, healthy=true, enabled=true, ephemeral=true, clusterName='DEFAULT', serviceName='null', metadata={}}
15:08:39:440  INFO 940 --- [chat-service] [SpringApplicationShutdownHook] c.a.c.n.registry.NacosServiceRegistry    : De-registration finished.
15:08:39:440  INFO 940 --- [chat-service] [SpringApplicationShutdownHook] com.alibaba.nacos.client.naming          : com.alibaba.nacos.client.naming.cache.ServiceInfoHolder do shutdown begin
15:08:39:440  INFO 940 --- [chat-service] [SpringApplicationShutdownHook] com.alibaba.nacos.client.naming          : com.alibaba.nacos.client.naming.backups.FailoverReactor do shutdown begin
15:08:39:440  INFO 940 --- [chat-service] [SpringApplicationShutdownHook] com.alibaba.nacos.client.naming          : com.alibaba.nacos.client.naming.backups.FailoverReactor do shutdown stop
15:08:39:440  INFO 940 --- [chat-service] [SpringApplicationShutdownHook] com.alibaba.nacos.client.naming          : com.alibaba.nacos.client.naming.cache.ServiceInfoHolder do shutdown stop
15:08:39:440  INFO 940 --- [chat-service] [SpringApplicationShutdownHook] com.alibaba.nacos.client.naming          : com.alibaba.nacos.client.naming.remote.NamingClientProxyDelegate do shutdown begin
15:08:39:446  INFO 940 --- [chat-service] [SpringApplicationShutdownHook] com.alibaba.nacos.client.naming          : com.alibaba.nacos.client.naming.core.ServiceInfoUpdateService do shutdown begin
15:08:39:446  INFO 940 --- [chat-service] [SpringApplicationShutdownHook] com.alibaba.nacos.client.naming          : com.alibaba.nacos.client.naming.core.ServiceInfoUpdateService do shutdown stop
15:08:39:446  INFO 940 --- [chat-service] [SpringApplicationShutdownHook] com.alibaba.nacos.client.naming          : com.alibaba.nacos.client.naming.core.ServerListManager do shutdown begin
15:08:39:446  WARN 940 --- [chat-service] [SpringApplicationShutdownHook] com.alibaba.nacos.client.naming          : [NamingHttpClientManager] Start destroying NacosRestTemplate
15:08:39:447  WARN 940 --- [chat-service] [SpringApplicationShutdownHook] com.alibaba.nacos.client.naming          : [NamingHttpClientManager] Destruction of the end
15:08:39:447  INFO 940 --- [chat-service] [SpringApplicationShutdownHook] com.alibaba.nacos.client.naming          : com.alibaba.nacos.client.naming.core.ServerListManager do shutdown stop
15:08:39:447  INFO 940 --- [chat-service] [SpringApplicationShutdownHook] com.alibaba.nacos.client.naming          : com.alibaba.nacos.client.naming.remote.http.NamingHttpClientProxy do shutdown begin
15:08:39:447  WARN 940 --- [chat-service] [SpringApplicationShutdownHook] com.alibaba.nacos.client.naming          : [NamingHttpClientManager] Start destroying NacosRestTemplate
15:08:39:447  WARN 940 --- [chat-service] [SpringApplicationShutdownHook] com.alibaba.nacos.client.naming          : [NamingHttpClientManager] Destruction of the end
15:08:39:447  INFO 940 --- [chat-service] [SpringApplicationShutdownHook] com.alibaba.nacos.client.naming          : com.alibaba.nacos.client.naming.remote.http.NamingHttpClientProxy do shutdown stop
15:08:39:447  INFO 940 --- [chat-service] [SpringApplicationShutdownHook] com.alibaba.nacos.client.naming          : Shutdown naming grpc client proxy for  uuid->83c3c8c8-0f23-4861-81ec-ad630ac860fa
15:08:39:447  INFO 940 --- [chat-service] [SpringApplicationShutdownHook] com.alibaba.nacos.client.naming          : Shutdown grpc redo service executor java.util.concurrent.ScheduledThreadPoolExecutor@7c0c9cff[Running, pool size = 1, active threads = 0, queued tasks = 1, completed tasks = 426]
15:08:39:447  INFO 940 --- [chat-service] [SpringApplicationShutdownHook] com.alibaba.nacos.common.remote.client   : Shutdown rpc client, set status to shutdown
15:08:39:447  INFO 940 --- [chat-service] [SpringApplicationShutdownHook] com.alibaba.nacos.common.remote.client   : Shutdown client event executor java.util.concurrent.ScheduledThreadPoolExecutor@1cb088be[Running, pool size = 2, active threads = 2, queued tasks = 0, completed tasks = 0]
15:08:39:447  INFO 940 --- [chat-service] [SpringApplicationShutdownHook] com.alibaba.nacos.common.remote.client   : Close current connection 1779864438698_192.168.150.1_50396
15:08:39:449  INFO 940 --- [chat-service] [nacos-grpc-client-executor-192.168.150.101-257] c.a.n.c.remote.client.grpc.GrpcClient    : [1779864438698_192.168.150.1_50396]Ignore complete event,isRunning:false,isAbandon=false
15:08:39:451  INFO 940 --- [chat-service] [SpringApplicationShutdownHook] c.a.n.c.remote.client.grpc.GrpcClient    : Shutdown grpc executor java.util.concurrent.ThreadPoolExecutor@2bdb127[Running, pool size = 4, active threads = 0, queued tasks = 0, completed tasks = 258]
15:08:39:451  INFO 940 --- [chat-service] [SpringApplicationShutdownHook] com.alibaba.nacos.client.naming          : shutdown and remove naming rpc client  for uuid ->83c3c8c8-0f23-4861-81ec-ad630ac860fa
15:08:39:451  INFO 940 --- [chat-service] [SpringApplicationShutdownHook] c.a.n.c.a.r.identify.CredentialWatcher   : [null] CredentialWatcher is stopped
15:08:39:451  INFO 940 --- [chat-service] [SpringApplicationShutdownHook] c.a.n.c.a.r.identify.CredentialService   : [null] CredentialService is freed
15:08:39:451  INFO 940 --- [chat-service] [SpringApplicationShutdownHook] com.alibaba.nacos.client.naming          : com.alibaba.nacos.client.naming.remote.NamingClientProxyDelegate do shutdown stop
15:08:39:458 ERROR 940 --- [chat-service] [SpringApplicationShutdownHook] c.u.chat.websocket.ChatWebSocketHandler  : WebSocket 传输异常, sessionId=1baefd32-e844-6b38-8baa-e59d23f5b1d5

java.io.IOException: java.nio.channels.ClosedChannelException
	at org.apache.tomcat.websocket.WsRemoteEndpointImplBase.sendMessageBlockInternal(WsRemoteEndpointImplBase.java:326) ~[tomcat-embed-websocket-10.1.30.jar:10.1.30]
	at org.apache.tomcat.websocket.WsRemoteEndpointImplBase.sendMessageBlock(WsRemoteEndpointImplBase.java:266) ~[tomcat-embed-websocket-10.1.30.jar:10.1.30]
	at org.apache.tomcat.websocket.WsSession.sendCloseMessage(WsSession.java:792) ~[tomcat-embed-websocket-10.1.30.jar:10.1.30]
	at org.apache.tomcat.websocket.WsSession.doClose(WsSession.java:589) ~[tomcat-embed-websocket-10.1.30.jar:10.1.30]
	at org.apache.tomcat.websocket.WsSession.doClose(WsSession.java:556) ~[tomcat-embed-websocket-10.1.30.jar:10.1.30]
	at org.apache.tomcat.websocket.WsSession.close(WsSession.java:544) ~[tomcat-embed-websocket-10.1.30.jar:10.1.30]
	at org.apache.tomcat.websocket.WsWebSocketContainer.destroy(WsWebSocketContainer.java:1024) ~[tomcat-embed-websocket-10.1.30.jar:10.1.30]
	at org.apache.tomcat.websocket.server.WsContextListener.contextDestroyed(WsContextListener.java:46) ~[tomcat-embed-websocket-10.1.30.jar:10.1.30]
	at org.apache.catalina.core.StandardContext.listenerStop(StandardContext.java:4039) ~[tomcat-embed-core-10.1.30.jar:10.1.30]
	at org.apache.catalina.core.StandardContext.stopInternal(StandardContext.java:4648) ~[tomcat-embed-core-10.1.30.jar:10.1.30]
	at org.apache.catalina.util.LifecycleBase.stop(LifecycleBase.java:231) ~[tomcat-embed-core-10.1.30.jar:10.1.30]
	at org.apache.catalina.core.ContainerBase$StopChild.call(ContainerBase.java:1219) ~[tomcat-embed-core-10.1.30.jar:10.1.30]
	at org.apache.catalina.core.ContainerBase$StopChild.call(ContainerBase.java:1208) ~[tomcat-embed-core-10.1.30.jar:10.1.30]
	at java.base/java.util.concurrent.FutureTask.run(FutureTask.java:264) ~[na:na]
	at org.apache.tomcat.util.threads.InlineExecutorService.execute(InlineExecutorService.java:75) ~[tomcat-embed-core-10.1.30.jar:10.1.30]
	at java.base/java.util.concurrent.AbstractExecutorService.submit(AbstractExecutorService.java:145) ~[na:na]
	at org.apache.catalina.core.ContainerBase.stopInternal(ContainerBase.java:814) ~[tomcat-embed-core-10.1.30.jar:10.1.30]
	at org.apache.catalina.util.LifecycleBase.stop(LifecycleBase.java:231) ~[tomcat-embed-core-10.1.30.jar:10.1.30]
	at org.apache.catalina.core.ContainerBase$StopChild.call(ContainerBase.java:1219) ~[tomcat-embed-core-10.1.30.jar:10.1.30]
	at org.apache.catalina.core.ContainerBase$StopChild.call(ContainerBase.java:1208) ~[tomcat-embed-core-10.1.30.jar:10.1.30]
	at java.base/java.util.concurrent.FutureTask.run(FutureTask.java:264) ~[na:na]
	at org.apache.tomcat.util.threads.InlineExecutorService.execute(InlineExecutorService.java:75) ~[tomcat-embed-core-10.1.30.jar:10.1.30]
	at java.base/java.util.concurrent.AbstractExecutorService.submit(AbstractExecutorService.java:145) ~[na:na]
	at org.apache.catalina.core.ContainerBase.stopInternal(ContainerBase.java:814) ~[tomcat-embed-core-10.1.30.jar:10.1.30]
	at org.apache.catalina.util.LifecycleBase.stop(LifecycleBase.java:231) ~[tomcat-embed-core-10.1.30.jar:10.1.30]
	at org.apache.catalina.core.StandardService.stopInternal(StandardService.java:471) ~[tomcat-embed-core-10.1.30.jar:10.1.30]
	at org.apache.catalina.util.LifecycleBase.stop(LifecycleBase.java:231) ~[tomcat-embed-core-10.1.30.jar:10.1.30]
	at org.apache.catalina.core.StandardServer.stopInternal(StandardServer.java:915) ~[tomcat-embed-core-10.1.30.jar:10.1.30]
	at org.apache.catalina.util.LifecycleBase.stop(LifecycleBase.java:231) ~[tomcat-embed-core-10.1.30.jar:10.1.30]
	at org.apache.catalina.startup.Tomcat.stop(Tomcat.java:447) ~[tomcat-embed-core-10.1.30.jar:10.1.30]
	at org.springframework.boot.web.embedded.tomcat.TomcatWebServer.stopTomcat(TomcatWebServer.java:301) ~[spring-boot-3.3.4.jar:3.3.4]
	at org.springframework.boot.web.embedded.tomcat.TomcatWebServer.destroy(TomcatWebServer.java:374) ~[spring-boot-3.3.4.jar:3.3.4]
	at org.springframework.boot.web.servlet.context.ServletWebServerApplicationContext.doClose(ServletWebServerApplicationContext.java:177) ~[spring-boot-3.3.4.jar:3.3.4]
	at org.springframework.context.support.AbstractApplicationContext.close(AbstractApplicationContext.java:1102) ~[spring-context-6.1.13.jar:6.1.13]
	at org.springframework.boot.SpringApplicationShutdownHook.closeAndWait(SpringApplicationShutdownHook.java:145) ~[spring-boot-3.3.4.jar:3.3.4]
	at java.base/java.lang.Iterable.forEach(Iterable.java:75) ~[na:na]
	at org.springframework.boot.SpringApplicationShutdownHook.run(SpringApplicationShutdownHook.java:114) ~[spring-boot-3.3.4.jar:3.3.4]
	at java.base/java.lang.Thread.run(Thread.java:842) ~[na:na]
Caused by: java.nio.channels.ClosedChannelException: null
	at org.apache.tomcat.util.net.NioChannel$1.write(NioChannel.java:273) ~[tomcat-embed-core-10.1.30.jar:10.1.30]
	at org.apache.tomcat.util.net.NioEndpoint$NioSocketWrapper$NioOperationState.run(NioEndpoint.java:1632) ~[tomcat-embed-core-10.1.30.jar:10.1.30]
	at org.apache.tomcat.util.net.SocketWrapperBase$OperationState.start(SocketWrapperBase.java:1051) ~[tomcat-embed-core-10.1.30.jar:10.1.30]
	at org.apache.tomcat.util.net.SocketWrapperBase.vectoredOperation(SocketWrapperBase.java:1440) ~[tomcat-embed-core-10.1.30.jar:10.1.30]
	at org.apache.tomcat.util.net.SocketWrapperBase.write(SocketWrapperBase.java:1366) ~[tomcat-embed-core-10.1.30.jar:10.1.30]
	at org.apache.tomcat.util.net.SocketWrapperBase.write(SocketWrapperBase.java:1337) ~[tomcat-embed-core-10.1.30.jar:10.1.30]
	at org.apache.tomcat.websocket.server.WsRemoteEndpointImplServer.doWrite(WsRemoteEndpointImplServer.java:171) ~[tomcat-embed-websocket-10.1.30.jar:10.1.30]
	at org.apache.tomcat.websocket.WsRemoteEndpointImplBase.writeMessagePart(WsRemoteEndpointImplBase.java:521) ~[tomcat-embed-websocket-10.1.30.jar:10.1.30]
	at org.apache.tomcat.websocket.WsRemoteEndpointImplBase.sendMessageBlockInternal(WsRemoteEndpointImplBase.java:313) ~[tomcat-embed-websocket-10.1.30.jar:10.1.30]
	... 37 common frames omitted

15:08:39:459  INFO 940 --- [chat-service] [SpringApplicationShutdownHook] c.u.c.websocket.WebSocketSessionManager  : 本地 session 清理成功 userId=4, sessionId=1baefd32-e844-6b38-8baa-e59d23f5b1d5
15:08:39:460 ERROR 940 --- [chat-service] [SpringApplicationShutdownHook] c.u.chat.websocket.ChatWebSocketHandler  : WebSocket 传输异常, sessionId=5d8a7a6d-ecf7-258b-376b-f31fa2caee8d

java.io.IOException: java.nio.channels.ClosedChannelException
	at org.apache.tomcat.websocket.WsRemoteEndpointImplBase.sendMessageBlockInternal(WsRemoteEndpointImplBase.java:326) ~[tomcat-embed-websocket-10.1.30.jar:10.1.30]
	at org.apache.tomcat.websocket.WsRemoteEndpointImplBase.sendMessageBlock(WsRemoteEndpointImplBase.java:266) ~[tomcat-embed-websocket-10.1.30.jar:10.1.30]
	at org.apache.tomcat.websocket.WsSession.sendCloseMessage(WsSession.java:792) ~[tomcat-embed-websocket-10.1.30.jar:10.1.30]
	at org.apache.tomcat.websocket.WsSession.doClose(WsSession.java:589) ~[tomcat-embed-websocket-10.1.30.jar:10.1.30]
	at org.apache.tomcat.websocket.WsSession.doClose(WsSession.java:556) ~[tomcat-embed-websocket-10.1.30.jar:10.1.30]
	at org.apache.tomcat.websocket.WsSession.close(WsSession.java:544) ~[tomcat-embed-websocket-10.1.30.jar:10.1.30]
	at org.apache.tomcat.websocket.WsWebSocketContainer.destroy(WsWebSocketContainer.java:1024) ~[tomcat-embed-websocket-10.1.30.jar:10.1.30]
	at org.apache.tomcat.websocket.server.WsContextListener.contextDestroyed(WsContextListener.java:46) ~[tomcat-embed-websocket-10.1.30.jar:10.1.30]
	at org.apache.catalina.core.StandardContext.listenerStop(StandardContext.java:4039) ~[tomcat-embed-core-10.1.30.jar:10.1.30]
	at org.apache.catalina.core.StandardContext.stopInternal(StandardContext.java:4648) ~[tomcat-embed-core-10.1.30.jar:10.1.30]
	at org.apache.catalina.util.LifecycleBase.stop(LifecycleBase.java:231) ~[tomcat-embed-core-10.1.30.jar:10.1.30]
	at org.apache.catalina.core.ContainerBase$StopChild.call(ContainerBase.java:1219) ~[tomcat-embed-core-10.1.30.jar:10.1.30]
	at org.apache.catalina.core.ContainerBase$StopChild.call(ContainerBase.java:1208) ~[tomcat-embed-core-10.1.30.jar:10.1.30]
	at java.base/java.util.concurrent.FutureTask.run(FutureTask.java:264) ~[na:na]
	at org.apache.tomcat.util.threads.InlineExecutorService.execute(InlineExecutorService.java:75) ~[tomcat-embed-core-10.1.30.jar:10.1.30]
	at java.base/java.util.concurrent.AbstractExecutorService.submit(AbstractExecutorService.java:145) ~[na:na]
	at org.apache.catalina.core.ContainerBase.stopInternal(ContainerBase.java:814) ~[tomcat-embed-core-10.1.30.jar:10.1.30]
	at org.apache.catalina.util.LifecycleBase.stop(LifecycleBase.java:231) ~[tomcat-embed-core-10.1.30.jar:10.1.30]
	at org.apache.catalina.core.ContainerBase$StopChild.call(ContainerBase.java:1219) ~[tomcat-embed-core-10.1.30.jar:10.1.30]
	at org.apache.catalina.core.ContainerBase$StopChild.call(ContainerBase.java:1208) ~[tomcat-embed-core-10.1.30.jar:10.1.30]
	at java.base/java.util.concurrent.FutureTask.run(FutureTask.java:264) ~[na:na]
	at org.apache.tomcat.util.threads.InlineExecutorService.execute(InlineExecutorService.java:75) ~[tomcat-embed-core-10.1.30.jar:10.1.30]
	at java.base/java.util.concurrent.AbstractExecutorService.submit(AbstractExecutorService.java:145) ~[na:na]
	at org.apache.catalina.core.ContainerBase.stopInternal(ContainerBase.java:814) ~[tomcat-embed-core-10.1.30.jar:10.1.30]
	at org.apache.catalina.util.LifecycleBase.stop(LifecycleBase.java:231) ~[tomcat-embed-core-10.1.30.jar:10.1.30]
	at org.apache.catalina.core.StandardService.stopInternal(StandardService.java:471) ~[tomcat-embed-core-10.1.30.jar:10.1.30]
	at org.apache.catalina.util.LifecycleBase.stop(LifecycleBase.java:231) ~[tomcat-embed-core-10.1.30.jar:10.1.30]
	at org.apache.catalina.core.StandardServer.stopInternal(StandardServer.java:915) ~[tomcat-embed-core-10.1.30.jar:10.1.30]
	at org.apache.catalina.util.LifecycleBase.stop(LifecycleBase.java:231) ~[tomcat-embed-core-10.1.30.jar:10.1.30]
	at org.apache.catalina.startup.Tomcat.stop(Tomcat.java:447) ~[tomcat-embed-core-10.1.30.jar:10.1.30]
	at org.springframework.boot.web.embedded.tomcat.TomcatWebServer.stopTomcat(TomcatWebServer.java:301) ~[spring-boot-3.3.4.jar:3.3.4]
	at org.springframework.boot.web.embedded.tomcat.TomcatWebServer.destroy(TomcatWebServer.java:374) ~[spring-boot-3.3.4.jar:3.3.4]
	at org.springframework.boot.web.servlet.context.ServletWebServerApplicationContext.doClose(ServletWebServerApplicationContext.java:177) ~[spring-boot-3.3.4.jar:3.3.4]
	at org.springframework.context.support.AbstractApplicationContext.close(AbstractApplicationContext.java:1102) ~[spring-context-6.1.13.jar:6.1.13]
	at org.springframework.boot.SpringApplicationShutdownHook.closeAndWait(SpringApplicationShutdownHook.java:145) ~[spring-boot-3.3.4.jar:3.3.4]
	at java.base/java.lang.Iterable.forEach(Iterable.java:75) ~[na:na]
	at org.springframework.boot.SpringApplicationShutdownHook.run(SpringApplicationShutdownHook.java:114) ~[spring-boot-3.3.4.jar:3.3.4]
	at java.base/java.lang.Thread.run(Thread.java:842) ~[na:na]
Caused by: java.nio.channels.ClosedChannelException: null
	at org.apache.tomcat.util.net.NioChannel$1.write(NioChannel.java:273) ~[tomcat-embed-core-10.1.30.jar:10.1.30]
	at org.apache.tomcat.util.net.NioEndpoint$NioSocketWrapper$NioOperationState.run(NioEndpoint.java:1632) ~[tomcat-embed-core-10.1.30.jar:10.1.30]
	at org.apache.tomcat.util.net.SocketWrapperBase$OperationState.start(SocketWrapperBase.java:1051) ~[tomcat-embed-core-10.1.30.jar:10.1.30]
	at org.apache.tomcat.util.net.SocketWrapperBase.vectoredOperation(SocketWrapperBase.java:1440) ~[tomcat-embed-core-10.1.30.jar:10.1.30]
	at org.apache.tomcat.util.net.SocketWrapperBase.write(SocketWrapperBase.java:1366) ~[tomcat-embed-core-10.1.30.jar:10.1.30]
	at org.apache.tomcat.util.net.SocketWrapperBase.write(SocketWrapperBase.java:1337) ~[tomcat-embed-core-10.1.30.jar:10.1.30]
	at org.apache.tomcat.websocket.server.WsRemoteEndpointImplServer.doWrite(WsRemoteEndpointImplServer.java:171) ~[tomcat-embed-websocket-10.1.30.jar:10.1.30]
	at org.apache.tomcat.websocket.WsRemoteEndpointImplBase.writeMessagePart(WsRemoteEndpointImplBase.java:521) ~[tomcat-embed-websocket-10.1.30.jar:10.1.30]
	at org.apache.tomcat.websocket.WsRemoteEndpointImplBase.sendMessageBlockInternal(WsRemoteEndpointImplBase.java:313) ~[tomcat-embed-websocket-10.1.30.jar:10.1.30]
	... 37 common frames omitted

15:08:39:460  INFO 940 --- [chat-service] [SpringApplicationShutdownHook] c.u.c.websocket.WebSocketSessionManager  : 本地 session 清理成功 userId=3, sessionId=5d8a7a6d-ecf7-258b-376b-f31fa2caee8d
